Using pre-set license
Built from '2021.2/release' branch; Version is '2021.2.0f1 (4bf1ec4b23c9) revision 4977132'; Using compiler version '192829333'; Build Type 'Release'
OS: 'Windows 10 Home; OS build 19042.1288; Version 2009; 64bit' Language: 'en' Physical Memory: 16228 MB
BatchMode: 1, IsHumanControllingUs: 0, StartBugReporterOnCrash: 0, Is64bit: 1, IsPro: 0

COMMAND LINE ARGUMENTS:
C:\Program Files\Unity\Editor\2021.2.0f1\Editor\Unity.exe
-adb2
-batchMode
-noUpm
-name
AssetImportWorker2
-projectPath
D:/Projects/ARVolumeVFX
-logFile
Logs/AssetImportWorker2.log
-srvPort
60863
Successfully changed project path to: D:/Projects/ARVolumeVFX
D:/Projects/ARVolumeVFX
[UnityMemory] Configuration Parameters - Can be set up in boot.config
    "memorysetup-bucket-allocator-granularity=16"
    "memorysetup-bucket-allocator-bucket-count=8"
    "memorysetup-bucket-allocator-block-size=33554432"
    "memorysetup-bucket-allocator-block-count=8"
    "memorysetup-main-allocator-block-size=16777216"
    "memorysetup-thread-allocator-block-size=16777216"
    "memorysetup-gfx-main-allocator-block-size=16777216"
    "memorysetup-gfx-thread-allocator-block-size=16777216"
    "memorysetup-cache-allocator-block-size=4194304"
    "memorysetup-typetree-allocator-block-size=2097152"
    "memorysetup-profiler-bucket-allocator-granularity=16"
    "memorysetup-profiler-bucket-allocator-bucket-count=8"
    "memorysetup-profiler-bucket-allocator-block-size=33554432"
    "memorysetup-profiler-bucket-allocator-block-count=8"
    "memorysetup-profiler-allocator-block-size=16777216"
    "memorysetup-profiler-editor-allocator-block-size=1048576"
    "memorysetup-temp-allocator-size-main=16777216"
    "memorysetup-job-temp-allocator-block-size=2097152"
    "memorysetup-job-temp-allocator-block-size-background=1048576"
    "memorysetup-job-temp-allocator-reduction-small-platforms=262144"
    "memorysetup-temp-allocator-size-background-worker=32768"
    "memorysetup-temp-allocator-size-job-worker=262144"
    "memorysetup-temp-allocator-size-preload-manager=33554432"
    "memorysetup-temp-allocator-size-nav-mesh-worker=65536"
    "memorysetup-temp-allocator-size-audio-worker=65536"
    "memorysetup-temp-allocator-size-cloud-worker=32768"
    "memorysetup-temp-allocator-size-gi-baking-worker=262144"
    "memorysetup-temp-allocator-size-gfx=262144"
Refreshing native plugins compatible for Editor in 203.98 ms, found 3 plugins.
Preloading 0 native plugins for Editor in 0.00 ms.
Initialize engine version: 2021.2.0f1 (4bf1ec4b23c9)
[Subsystems] Discovering subsystems at path C:/Program Files/Unity/Editor/2021.2.0f1/Editor/Data/Resources/UnitySubsystems
[Subsystems] Discovering subsystems at path D:/Projects/ARVolumeVFX/Assets
GfxDevice: creating device client; threaded=0; jobified=0
Direct3D:
    Version:  Direct3D 11.0 [level 11.1]
    Renderer: NVIDIA GeForce GTX 1660 Ti (ID=0x2191)
    Vendor:   NVIDIA
    VRAM:     5991 MB
    Driver:   27.21.14.5167
Initialize mono
Mono path[0] = 'C:/Program Files/Unity/Editor/2021.2.0f1/Editor/Data/Managed'
Mono path[1] = 'C:/Program Files/Unity/Editor/2021.2.0f1/Editor/Data/MonoBleedingEdge/lib/mono/unityjit-win32'
Mono config path = 'C:/Program Files/Unity/Editor/2021.2.0f1/Editor/Data/MonoBleedingEdge/etc'
Using monoOptions --debugger-agent=transport=dt_socket,embedding=1,server=y,suspend=n,address=127.0.0.1:56416
Begin MonoManager ReloadAssembly
Registering precompiled unity dll's ...
Register platform support module: C:/Program Files/Unity/Editor/2021.2.0f1/Editor/Data/PlaybackEngines/WindowsStandaloneSupport/UnityEditor.WindowsStandalone.Extensions.dll
Registered in 0.009315 seconds.
Native extension for WindowsStandalone target not found
Refreshing native plugins compatible for Editor in 175.30 ms, found 3 plugins.
Preloading 0 native plugins for Editor in 0.00 ms.
Mono: successfully reloaded assembly
- Completed reload, in  1.383 seconds
Domain Reload Profiling:
	ReloadAssembly (1384ms)
		BeginReloadAssembly (106ms)
			ExecutionOrderSort (0ms)
			DisableScriptedObjects (0ms)
			BackupInstance (0ms)
			ReleaseScriptingObjects (0ms)
			CreateAndSetChildDomain (1ms)
		EndReloadAssembly (771ms)
			LoadAssemblies (102ms)
			RebuildTransferFunctionScriptingTraits (0ms)
			SetupTypeCache (178ms)
			ReleaseScriptCaches (0ms)
			RebuildScriptCaches (49ms)
			SetupLoadedEditorAssemblies (454ms)
				LogAssemblyErrors (0ms)
				InitializePlatformSupportModulesInManaged (15ms)
				SetLoadedEditorAssemblies (0ms)
				RefreshPlugins (175ms)
				BeforeProcessingInitializeOnLoad (2ms)
				ProcessInitializeOnLoadAttributes (186ms)
				ProcessInitializeOnLoadMethodAttributes (75ms)
				AfterProcessingInitializeOnLoad (0ms)
				EditorAssembliesLoaded (0ms)
			ExecutionOrderSort2 (0ms)
			AwakeInstancesAfterBackupRestoration (0ms)
Platform modules already initialized, skipping
Registering precompiled user dll's ...
Registered in 0.007843 seconds.
Begin MonoManager ReloadAssembly
Symbol file LoadedFromMemory doesn't match image D:\Projects\ARVolumeVFX\Library\PackageCache\com.unity.visualscripting@1.7.3\Editor\VisualScripting.Core\Dependencies\YamlDotNet\Unity.VisualScripting.YamlDotNet.dll
Symbol file LoadedFromMemory doesn't match image D:\Projects\ARVolumeVFX\Library\PackageCache\com.unity.visualscripting@1.7.3\Editor\VisualScripting.Core\Dependencies\DotNetZip\Unity.VisualScripting.IonicZip.dll
Native extension for WindowsStandalone target not found
Refreshing native plugins compatible for Editor in 167.39 ms, found 3 plugins.
Preloading 0 native plugins for Editor in 0.00 ms.
Package Manager log level set to [2]
Mono: successfully reloaded assembly
- Completed reload, in  3.939 seconds
Domain Reload Profiling:
	ReloadAssembly (3940ms)
		BeginReloadAssembly (290ms)
			ExecutionOrderSort (0ms)
			DisableScriptedObjects (9ms)
			BackupInstance (0ms)
			ReleaseScriptingObjects (0ms)
			CreateAndSetChildDomain (27ms)
		EndReloadAssembly (3498ms)
			LoadAssemblies (120ms)
			RebuildTransferFunctionScriptingTraits (0ms)
			SetupTypeCache (667ms)
			ReleaseScriptCaches (1ms)
			RebuildScriptCaches (146ms)
			SetupLoadedEditorAssemblies (2391ms)
				LogAssemblyErrors (0ms)
				InitializePlatformSupportModulesInManaged (25ms)
				SetLoadedEditorAssemblies (0ms)
				RefreshPlugins (168ms)
				BeforeProcessingInitializeOnLoad (232ms)
				ProcessInitializeOnLoadAttributes (1844ms)
				ProcessInitializeOnLoadMethodAttributes (110ms)
				AfterProcessingInitializeOnLoad (12ms)
				EditorAssembliesLoaded (0ms)
			ExecutionOrderSort2 (0ms)
			AwakeInstancesAfterBackupRestoration (8ms)
Platform modules already initialized, skipping
========================================================================
Worker process is ready to serve import requests
Launched and connected shader compiler UnityShaderCompiler.exe after 0.15 seconds
Refreshing native plugins compatible for Editor in 1.22 ms, found 3 plugins.
Preloading 0 native plugins for Editor in 0.00 ms.
Unloading 5957 Unused Serialized files (Serialized files now loaded: 0)
Unloading 39 unused Assets / (1.6 MB). Loaded Objects now: 6413.
Memory consumption went from 232.0 MB to 230.4 MB.
Total: 5.952800 ms (FindLiveObjects: 0.528600 ms CreateObjectMapping: 0.501900 ms MarkObjects: 4.436900 ms  DeleteObjects: 0.484200 ms)

AssetImportParameters requested are different than current active one (requested -> active):
  custom:video-decoder-ogg-theora: a1e56fd34408186e4bbccfd4996cb3dc -> 
  custom:container-muxer-webm: aa71ff27fc2769a1b78a27578f13a17b -> 
  custom:container-demuxer-webm: 4f35f7cbe854078d1ac9338744f61a02 -> 
  custom:video-encoder-webm-vp8: eb34c28f22e8b96e1ab97ce403110664 -> 
  custom:audio-encoder-webm-vorbis: bf7c407c2cedff20999df2af8eb42d56 -> 
  custom:framework-win-MediaFoundation: 216162199b28c13a410421893ffa2e32 -> 
  custom:container-demuxer-ogg: 62fdf1f143b41e24485cea50d1cbac27 -> 
  custom:video-decoder-webm-vp8: 9c59270c3fd7afecdb556c50c9e8de78 -> 
  custom:audio-decoder-ogg-vorbis: bf7c407c2cedff20999df2af8eb42d56 -> 
========================================================================
Received Import Request.
  Time since last request: 622635.260890 seconds.
  path: Assets/VFX/EnvTest.vfx
  artifactKey: Guid(22c577c7f18334141aa24e77788114f7) Importer(815301076,1909f56bfc062723c751e8b465ee728b)
Start importing Assets/VFX/EnvTest.vfx using Guid(22c577c7f18334141aa24e77788114f7) Importer(815301076,1909f56bfc062723c751e8b465ee728b)  -> (artifact id: '3da31f0dc6d2e6aeb9211f14c3514245') in 1.270828 seconds 
========================================================================
Received Import Request.
  Time since last request: 18.415706 seconds.
  path: Assets/VFX/EnvTest.vfx
  artifactKey: Guid(22c577c7f18334141aa24e77788114f7) Importer(815301076,1909f56bfc062723c751e8b465ee728b)
Start importing Assets/VFX/EnvTest.vfx using Guid(22c577c7f18334141aa24e77788114f7) Importer(815301076,1909f56bfc062723c751e8b465ee728b)  -> (artifact id: 'deb02276a457dfd75da00ceb26ee0915') in 0.019499 seconds 
========================================================================
Received Import Request.
  Time since last request: 390.176365 seconds.
  path: Assets/VFX/EnvTest.vfx
  artifactKey: Guid(22c577c7f18334141aa24e77788114f7) Importer(815301076,1909f56bfc062723c751e8b465ee728b)
Start importing Assets/VFX/EnvTest.vfx using Guid(22c577c7f18334141aa24e77788114f7) Importer(815301076,1909f56bfc062723c751e8b465ee728b)  -> (artifact id: '01a552445c8a7ce4373843cdcd805874') in 0.055878 seconds 
========================================================================
Received Import Request.
  Time since last request: 114.558290 seconds.
  path: Assets/VFX/EnvTest.vfx
  artifactKey: Guid(22c577c7f18334141aa24e77788114f7) Importer(815301076,1909f56bfc062723c751e8b465ee728b)
Start importing Assets/VFX/EnvTest.vfx using Guid(22c577c7f18334141aa24e77788114f7) Importer(815301076,1909f56bfc062723c751e8b465ee728b)  -> (artifact id: 'a5c9ddec4a28e1e3a1c0c1d8480d0c80') in 0.032272 seconds 
========================================================================
Received Prepare
Registering precompiled user dll's ...
Registered in 0.007929 seconds.
Begin MonoManager ReloadAssembly
Symbol file LoadedFromMemory doesn't match image D:\Projects\ARVolumeVFX\Library\PackageCache\com.unity.visualscripting@1.7.3\Editor\VisualScripting.Core\Dependencies\YamlDotNet\Unity.VisualScripting.YamlDotNet.dll
Symbol file LoadedFromMemory doesn't match image D:\Projects\ARVolumeVFX\Library\PackageCache\com.unity.visualscripting@1.7.3\Editor\VisualScripting.Core\Dependencies\DotNetZip\Unity.VisualScripting.IonicZip.dll
Native extension for WindowsStandalone target not found
Refreshing native plugins compatible for Editor in 1.35 ms, found 3 plugins.
Preloading 0 native plugins for Editor in 0.00 ms.
Mono: successfully reloaded assembly
- Completed reload, in  2.732 seconds
Domain Reload Profiling:
	ReloadAssembly (2733ms)
		BeginReloadAssembly (254ms)
			ExecutionOrderSort (0ms)
			DisableScriptedObjects (15ms)
			BackupInstance (0ms)
			ReleaseScriptingObjects (0ms)
			CreateAndSetChildDomain (75ms)
		EndReloadAssembly (2303ms)
			LoadAssemblies (145ms)
			RebuildTransferFunctionScriptingTraits (0ms)
			SetupTypeCache (541ms)
			ReleaseScriptCaches (3ms)
			RebuildScriptCaches (204ms)
			SetupLoadedEditorAssemblies (1031ms)
				LogAssemblyErrors (0ms)
				InitializePlatformSupportModulesInManaged (22ms)
				SetLoadedEditorAssemblies (1ms)
				RefreshPlugins (1ms)
				BeforeProcessingInitializeOnLoad (211ms)
				ProcessInitializeOnLoadAttributes (668ms)
				ProcessInitializeOnLoadMethodAttributes (114ms)
				AfterProcessingInitializeOnLoad (13ms)
				EditorAssembliesLoaded (1ms)
			ExecutionOrderSort2 (0ms)
			AwakeInstancesAfterBackupRestoration (32ms)
Platform modules already initialized, skipping
Switching build target platform(19) subTarget(0) extendedPlatform(0) -> platform(9) subTarget(2) extendedPlatform(0)
Refreshing native plugins compatible for Editor in 1.32 ms, found 3 plugins.
Preloading 0 native plugins for Editor in 0.00 ms.
Unloading 5820 Unused Serialized files (Serialized files now loaded: 0)
Unloading 32 unused Assets / (1.2 MB). Loaded Objects now: 6512.
Memory consumption went from 231.4 MB to 230.1 MB.
Total: 6.874000 ms (FindLiveObjects: 0.587100 ms CreateObjectMapping: 0.551700 ms MarkObjects: 5.429900 ms  DeleteObjects: 0.304000 ms)

AssetImportParameters requested are different than current active one (requested -> active):
  custom:video-decoder-ogg-theora: a1e56fd34408186e4bbccfd4996cb3dc -> 
  custom:container-muxer-webm: aa71ff27fc2769a1b78a27578f13a17b -> 
  custom:container-demuxer-webm: 4f35f7cbe854078d1ac9338744f61a02 -> 
  custom:video-encoder-webm-vp8: eb34c28f22e8b96e1ab97ce403110664 -> 
  custom:audio-encoder-webm-vorbis: bf7c407c2cedff20999df2af8eb42d56 -> 
  custom:framework-win-MediaFoundation: 216162199b28c13a410421893ffa2e32 -> 
  custom:container-demuxer-ogg: 62fdf1f143b41e24485cea50d1cbac27 -> 
  custom:video-decoder-webm-vp8: 9c59270c3fd7afecdb556c50c9e8de78 -> 
  custom:audio-decoder-ogg-vorbis: bf7c407c2cedff20999df2af8eb42d56 -> 
========================================================================
Received Import Request.
  Time since last request: 535.817977 seconds.
  path: Assets/VFX/EnvTest.vfx
  artifactKey: Guid(22c577c7f18334141aa24e77788114f7) Importer(815301076,1909f56bfc062723c751e8b465ee728b)
Start importing Assets/VFX/EnvTest.vfx using Guid(22c577c7f18334141aa24e77788114f7) Importer(815301076,1909f56bfc062723c751e8b465ee728b)  -> (artifact id: '8c9553fe40764163724c2b6ad4eb625a') in 0.412346 seconds 
========================================================================
Received Import Request.
  Time since last request: 14.683842 seconds.
  path: Assets/VFX/EnvTest.vfx
  artifactKey: Guid(22c577c7f18334141aa24e77788114f7) Importer(815301076,1909f56bfc062723c751e8b465ee728b)
Start importing Assets/VFX/EnvTest.vfx using Guid(22c577c7f18334141aa24e77788114f7) Importer(815301076,1909f56bfc062723c751e8b465ee728b)  -> (artifact id: '082c02abdf0e137d39ba36c0fbefc2aa') in 0.023524 seconds 
========================================================================
Received Import Request.
  Time since last request: 10.717575 seconds.
  path: Assets/VFX/EnvTest.vfx
  artifactKey: Guid(22c577c7f18334141aa24e77788114f7) Importer(815301076,1909f56bfc062723c751e8b465ee728b)
Start importing Assets/VFX/EnvTest.vfx using Guid(22c577c7f18334141aa24e77788114f7) Importer(815301076,1909f56bfc062723c751e8b465ee728b)  -> (artifact id: 'a4a4984f94b39e86e57dfc8f3e9b11a0') in 0.029185 seconds 
========================================================================
Received Prepare
Registering precompiled user dll's ...
Registered in 0.010330 seconds.
Begin MonoManager ReloadAssembly
Symbol file LoadedFromMemory doesn't match image D:\Projects\ARVolumeVFX\Library\PackageCache\com.unity.visualscripting@1.7.3\Editor\VisualScripting.Core\Dependencies\YamlDotNet\Unity.VisualScripting.YamlDotNet.dll
Symbol file LoadedFromMemory doesn't match image D:\Projects\ARVolumeVFX\Library\PackageCache\com.unity.visualscripting@1.7.3\Editor\VisualScripting.Core\Dependencies\DotNetZip\Unity.VisualScripting.IonicZip.dll
Native extension for WindowsStandalone target not found
Refreshing native plugins compatible for Editor in 1.48 ms, found 3 plugins.
Preloading 0 native plugins for Editor in 0.00 ms.
Mono: successfully reloaded assembly
- Completed reload, in  2.680 seconds
Domain Reload Profiling:
	ReloadAssembly (2681ms)
		BeginReloadAssembly (202ms)
			ExecutionOrderSort (0ms)
			DisableScriptedObjects (12ms)
			BackupInstance (0ms)
			ReleaseScriptingObjects (0ms)
			CreateAndSetChildDomain (65ms)
		EndReloadAssembly (2295ms)
			LoadAssemblies (144ms)
			RebuildTransferFunctionScriptingTraits (0ms)
			SetupTypeCache (470ms)
			ReleaseScriptCaches (3ms)
			RebuildScriptCaches (140ms)
			SetupLoadedEditorAssemblies (1032ms)
				LogAssemblyErrors (0ms)
				InitializePlatformSupportModulesInManaged (29ms)
				SetLoadedEditorAssemblies (1ms)
				RefreshPlugins (2ms)
				BeforeProcessingInitializeOnLoad (223ms)
				ProcessInitializeOnLoadAttributes (669ms)
				ProcessInitializeOnLoadMethodAttributes (97ms)
				AfterProcessingInitializeOnLoad (11ms)
				EditorAssembliesLoaded (0ms)
			ExecutionOrderSort2 (0ms)
			AwakeInstancesAfterBackupRestoration (29ms)
Platform modules already initialized, skipping
Switching build target platform(19) subTarget(0) extendedPlatform(0) -> platform(9) subTarget(2) extendedPlatform(0)
Refreshing native plugins compatible for Editor in 1.35 ms, found 3 plugins.
Preloading 0 native plugins for Editor in 0.00 ms.
Unloading 5810 Unused Serialized files (Serialized files now loaded: 0)
Unloading 32 unused Assets / (1.2 MB). Loaded Objects now: 6558.
Memory consumption went from 230.7 MB to 229.5 MB.
Total: 5.466200 ms (FindLiveObjects: 0.530900 ms CreateObjectMapping: 0.500900 ms MarkObjects: 4.167800 ms  DeleteObjects: 0.265600 ms)

AssetImportParameters requested are different than current active one (requested -> active):
  custom:video-decoder-ogg-theora: a1e56fd34408186e4bbccfd4996cb3dc -> 
  custom:container-muxer-webm: aa71ff27fc2769a1b78a27578f13a17b -> 
  custom:container-demuxer-webm: 4f35f7cbe854078d1ac9338744f61a02 -> 
  custom:video-encoder-webm-vp8: eb34c28f22e8b96e1ab97ce403110664 -> 
  custom:audio-encoder-webm-vorbis: bf7c407c2cedff20999df2af8eb42d56 -> 
  custom:framework-win-MediaFoundation: 216162199b28c13a410421893ffa2e32 -> 
  custom:container-demuxer-ogg: 62fdf1f143b41e24485cea50d1cbac27 -> 
  custom:video-decoder-webm-vp8: 9c59270c3fd7afecdb556c50c9e8de78 -> 
  custom:audio-decoder-ogg-vorbis: bf7c407c2cedff20999df2af8eb42d56 -> 
========================================================================
Received Import Request.
  Time since last request: 400.469841 seconds.
  path: Assets/VFX/Debug.vfx
  artifactKey: Guid(f6361b44b4c8a41a2a4f94f989ea734d) Importer(815301076,1909f56bfc062723c751e8b465ee728b)
Start importing Assets/VFX/Debug.vfx using Guid(f6361b44b4c8a41a2a4f94f989ea734d) Importer(815301076,1909f56bfc062723c751e8b465ee728b)  -> (artifact id: 'f500ef908b25ff398621a8c170cce139') in 0.283254 seconds 
========================================================================
Received Import Request.
  Time since last request: 0.000026 seconds.
  path: Assets/VFX/EnvTest.vfx
  artifactKey: Guid(22c577c7f18334141aa24e77788114f7) Importer(815301076,1909f56bfc062723c751e8b465ee728b)
Start importing Assets/VFX/EnvTest.vfx using Guid(22c577c7f18334141aa24e77788114f7) Importer(815301076,1909f56bfc062723c751e8b465ee728b)  -> (artifact id: '77adab3f3bea0e8b1c67fdb5b9fb1b96') in 0.026091 seconds 
========================================================================
Received Prepare
Registering precompiled user dll's ...
Registered in 0.006736 seconds.
Begin MonoManager ReloadAssembly
Symbol file LoadedFromMemory doesn't match image D:\Projects\ARVolumeVFX\Library\PackageCache\com.unity.visualscripting@1.7.3\Editor\VisualScripting.Core\Dependencies\YamlDotNet\Unity.VisualScripting.YamlDotNet.dll
Symbol file LoadedFromMemory doesn't match image D:\Projects\ARVolumeVFX\Library\PackageCache\com.unity.visualscripting@1.7.3\Editor\VisualScripting.Core\Dependencies\DotNetZip\Unity.VisualScripting.IonicZip.dll
Native extension for WindowsStandalone target not found
Refreshing native plugins compatible for Editor in 1.74 ms, found 3 plugins.
Preloading 0 native plugins for Editor in 0.00 ms.
Mono: successfully reloaded assembly
- Completed reload, in  2.233 seconds
Domain Reload Profiling:
	ReloadAssembly (2234ms)
		BeginReloadAssembly (177ms)
			ExecutionOrderSort (0ms)
			DisableScriptedObjects (10ms)
			BackupInstance (0ms)
			ReleaseScriptingObjects (0ms)
			CreateAndSetChildDomain (60ms)
		EndReloadAssembly (1884ms)
			LoadAssemblies (118ms)
			RebuildTransferFunctionScriptingTraits (0ms)
			SetupTypeCache (408ms)
			ReleaseScriptCaches (3ms)
			RebuildScriptCaches (128ms)
			SetupLoadedEditorAssemblies (839ms)
				LogAssemblyErrors (0ms)
				InitializePlatformSupportModulesInManaged (16ms)
				SetLoadedEditorAssemblies (1ms)
				RefreshPlugins (2ms)
				BeforeProcessingInitializeOnLoad (161ms)
				ProcessInitializeOnLoadAttributes (554ms)
				ProcessInitializeOnLoadMethodAttributes (95ms)
				AfterProcessingInitializeOnLoad (10ms)
				EditorAssembliesLoaded (0ms)
			ExecutionOrderSort2 (0ms)
			AwakeInstancesAfterBackupRestoration (24ms)
Platform modules already initialized, skipping
Switching build target platform(19) subTarget(0) extendedPlatform(0) -> platform(9) subTarget(2) extendedPlatform(0)
Refreshing native plugins compatible for Editor in 1.01 ms, found 3 plugins.
Preloading 0 native plugins for Editor in 0.00 ms.
Unloading 5811 Unused Serialized files (Serialized files now loaded: 0)
Unloading 32 unused Assets / (1.2 MB). Loaded Objects now: 6605.
Memory consumption went from 231.1 MB to 229.8 MB.
Total: 5.114700 ms (FindLiveObjects: 0.499100 ms CreateObjectMapping: 0.428600 ms MarkObjects: 3.942900 ms  DeleteObjects: 0.243000 ms)

AssetImportParameters requested are different than current active one (requested -> active):
  custom:video-decoder-ogg-theora: a1e56fd34408186e4bbccfd4996cb3dc -> 
  custom:container-muxer-webm: aa71ff27fc2769a1b78a27578f13a17b -> 
  custom:container-demuxer-webm: 4f35f7cbe854078d1ac9338744f61a02 -> 
  custom:video-encoder-webm-vp8: eb34c28f22e8b96e1ab97ce403110664 -> 
  custom:audio-encoder-webm-vorbis: bf7c407c2cedff20999df2af8eb42d56 -> 
  custom:framework-win-MediaFoundation: 216162199b28c13a410421893ffa2e32 -> 
  custom:container-demuxer-ogg: 62fdf1f143b41e24485cea50d1cbac27 -> 
  custom:video-decoder-webm-vp8: 9c59270c3fd7afecdb556c50c9e8de78 -> 
  custom:audio-decoder-ogg-vorbis: bf7c407c2cedff20999df2af8eb42d56 -> 
========================================================================
Received Import Request.
  Time since last request: 101.856221 seconds.
  path: Assets/VFX/EnvTest.vfx
  artifactKey: Guid(22c577c7f18334141aa24e77788114f7) Importer(815301076,1909f56bfc062723c751e8b465ee728b)
Start importing Assets/VFX/EnvTest.vfx using Guid(22c577c7f18334141aa24e77788114f7) Importer(815301076,1909f56bfc062723c751e8b465ee728b)  -> (artifact id: 'd8c168f3a9669911ecc0c941cf83f183') in 0.324513 seconds 
========================================================================
Received Import Request.
  Time since last request: 4.406178 seconds.
  path: Assets/VFX/EnvTest.vfx
  artifactKey: Guid(22c577c7f18334141aa24e77788114f7) Importer(815301076,1909f56bfc062723c751e8b465ee728b)
Start importing Assets/VFX/EnvTest.vfx using Guid(22c577c7f18334141aa24e77788114f7) Importer(815301076,1909f56bfc062723c751e8b465ee728b)  -> (artifact id: 'c73603768c065154feb1c68b546b9055') in 0.031965 seconds 
========================================================================
Received Import Request.
  Time since last request: 6.722023 seconds.
  path: Assets/VFX/EnvTest.vfx
  artifactKey: Guid(22c577c7f18334141aa24e77788114f7) Importer(815301076,1909f56bfc062723c751e8b465ee728b)
Start importing Assets/VFX/EnvTest.vfx using Guid(22c577c7f18334141aa24e77788114f7) Importer(815301076,1909f56bfc062723c751e8b465ee728b)  -> (artifact id: '75cb27549611e0008d63659fae8b6d1c') in 0.024415 seconds 
========================================================================
Received Import Request.
  Time since last request: 48.195168 seconds.
  path: Assets/VFX/EnvTest.vfx
  artifactKey: Guid(22c577c7f18334141aa24e77788114f7) Importer(815301076,1909f56bfc062723c751e8b465ee728b)
Start importing Assets/VFX/EnvTest.vfx using Guid(22c577c7f18334141aa24e77788114f7) Importer(815301076,1909f56bfc062723c751e8b465ee728b)  -> (artifact id: '023a296e029d8f6dd73c9347e787faab') in 0.020039 seconds 
========================================================================
Received Import Request.
  Time since last request: 9.538410 seconds.
  path: Assets/VFX/EnvTest.vfx
  artifactKey: Guid(22c577c7f18334141aa24e77788114f7) Importer(815301076,1909f56bfc062723c751e8b465ee728b)
Start importing Assets/VFX/EnvTest.vfx using Guid(22c577c7f18334141aa24e77788114f7) Importer(815301076,1909f56bfc062723c751e8b465ee728b)  -> (artifact id: 'b61d0ecebf4bfdd8067255403b8d8782') in 0.019265 seconds 
========================================================================
Received Import Request.
  Time since last request: 40.113022 seconds.
  path: Assets/VFX/EnvTest.vfx
  artifactKey: Guid(22c577c7f18334141aa24e77788114f7) Importer(815301076,1909f56bfc062723c751e8b465ee728b)
Start importing Assets/VFX/EnvTest.vfx using Guid(22c577c7f18334141aa24e77788114f7) Importer(815301076,1909f56bfc062723c751e8b465ee728b)  -> (artifact id: '25f189f66c936a70537e4712b5b5d64a') in 0.021011 seconds 
========================================================================
Received Import Request.
  Time since last request: 5.183774 seconds.
  path: Assets/VFX/EnvTest.vfx
  artifactKey: Guid(22c577c7f18334141aa24e77788114f7) Importer(815301076,1909f56bfc062723c751e8b465ee728b)
Start importing Assets/VFX/EnvTest.vfx using Guid(22c577c7f18334141aa24e77788114f7) Importer(815301076,1909f56bfc062723c751e8b465ee728b)  -> (artifact id: '788c5cfee0141b6c473fbe9e74c40a1b') in 0.027988 seconds 
========================================================================
Received Import Request.
  Time since last request: 8.792791 seconds.
  path: Assets/VFX/EnvTest.vfx
  artifactKey: Guid(22c577c7f18334141aa24e77788114f7) Importer(815301076,1909f56bfc062723c751e8b465ee728b)
Start importing Assets/VFX/EnvTest.vfx using Guid(22c577c7f18334141aa24e77788114f7) Importer(815301076,1909f56bfc062723c751e8b465ee728b)  -> (artifact id: '5cf894ed2b91dac93796eebd761ee088') in 0.026831 seconds 
========================================================================
Received Import Request.
  Time since last request: 9.089809 seconds.
  path: Assets/VFX/EnvTest.vfx
  artifactKey: Guid(22c577c7f18334141aa24e77788114f7) Importer(815301076,1909f56bfc062723c751e8b465ee728b)
Start importing Assets/VFX/EnvTest.vfx using Guid(22c577c7f18334141aa24e77788114f7) Importer(815301076,1909f56bfc062723c751e8b465ee728b)  -> (artifact id: '6abd6dad18a98e9deb9c3f2e4eb091ef') in 0.025415 seconds 
========================================================================
Received Import Request.
  Time since last request: 10.257875 seconds.
  path: Assets/VFX/EnvTest.vfx
  artifactKey: Guid(22c577c7f18334141aa24e77788114f7) Importer(815301076,1909f56bfc062723c751e8b465ee728b)
Start importing Assets/VFX/EnvTest.vfx using Guid(22c577c7f18334141aa24e77788114f7) Importer(815301076,1909f56bfc062723c751e8b465ee728b)  -> (artifact id: '2195fcba5e22c3f2b2aaf9b15a47ecdf') in 0.024699 seconds 
========================================================================
Received Prepare
Registering precompiled user dll's ...
Registered in 0.008788 seconds.
Begin MonoManager ReloadAssembly
Symbol file LoadedFromMemory doesn't match image D:\Projects\ARVolumeVFX\Library\PackageCache\com.unity.visualscripting@1.7.3\Editor\VisualScripting.Core\Dependencies\YamlDotNet\Unity.VisualScripting.YamlDotNet.dll
Symbol file LoadedFromMemory doesn't match image D:\Projects\ARVolumeVFX\Library\PackageCache\com.unity.visualscripting@1.7.3\Editor\VisualScripting.Core\Dependencies\DotNetZip\Unity.VisualScripting.IonicZip.dll
Native extension for WindowsStandalone target not found
Refreshing native plugins compatible for Editor in 1.20 ms, found 3 plugins.
Preloading 0 native plugins for Editor in 0.00 ms.
Mono: successfully reloaded assembly
- Completed reload, in  2.440 seconds
Domain Reload Profiling:
	ReloadAssembly (2441ms)
		BeginReloadAssembly (235ms)
			ExecutionOrderSort (0ms)
			DisableScriptedObjects (15ms)
			BackupInstance (0ms)
			ReleaseScriptingObjects (0ms)
			CreateAndSetChildDomain (75ms)
		EndReloadAssembly (2019ms)
			LoadAssemblies (138ms)
			RebuildTransferFunctionScriptingTraits (0ms)
			SetupTypeCache (398ms)
			ReleaseScriptCaches (3ms)
			RebuildScriptCaches (150ms)
			SetupLoadedEditorAssemblies (1001ms)
				LogAssemblyErrors (0ms)
				InitializePlatformSupportModulesInManaged (19ms)
				SetLoadedEditorAssemblies (1ms)
				RefreshPlugins (1ms)
				BeforeProcessingInitializeOnLoad (235ms)
				ProcessInitializeOnLoadAttributes (627ms)
				ProcessInitializeOnLoadMethodAttributes (106ms)
				AfterProcessingInitializeOnLoad (10ms)
				EditorAssembliesLoaded (0ms)
			ExecutionOrderSort2 (0ms)
			AwakeInstancesAfterBackupRestoration (26ms)
Platform modules already initialized, skipping
Switching build target platform(19) subTarget(0) extendedPlatform(0) -> platform(9) subTarget(2) extendedPlatform(0)
Refreshing native plugins compatible for Editor in 1.12 ms, found 3 plugins.
Preloading 0 native plugins for Editor in 0.00 ms.
Unloading 5810 Unused Serialized files (Serialized files now loaded: 0)
Unloading 32 unused Assets / (1.2 MB). Loaded Objects now: 6651.
Memory consumption went from 231.0 MB to 229.8 MB.
Total: 6.025600 ms (FindLiveObjects: 0.544500 ms CreateObjectMapping: 0.471000 ms MarkObjects: 4.736500 ms  DeleteObjects: 0.272700 ms)

AssetImportParameters requested are different than current active one (requested -> active):
  custom:video-decoder-ogg-theora: a1e56fd34408186e4bbccfd4996cb3dc -> 
  custom:container-muxer-webm: aa71ff27fc2769a1b78a27578f13a17b -> 
  custom:container-demuxer-webm: 4f35f7cbe854078d1ac9338744f61a02 -> 
  custom:video-encoder-webm-vp8: eb34c28f22e8b96e1ab97ce403110664 -> 
  custom:audio-encoder-webm-vorbis: bf7c407c2cedff20999df2af8eb42d56 -> 
  custom:framework-win-MediaFoundation: 216162199b28c13a410421893ffa2e32 -> 
  custom:container-demuxer-ogg: 62fdf1f143b41e24485cea50d1cbac27 -> 
  custom:video-decoder-webm-vp8: 9c59270c3fd7afecdb556c50c9e8de78 -> 
  custom:audio-decoder-ogg-vorbis: bf7c407c2cedff20999df2af8eb42d56 -> 
========================================================================
Received Import Request.
  Time since last request: 97.969509 seconds.
  path: Assets/VFX/EnvTest.vfx
  artifactKey: Guid(22c577c7f18334141aa24e77788114f7) Importer(815301076,1909f56bfc062723c751e8b465ee728b)
Start importing Assets/VFX/EnvTest.vfx using Guid(22c577c7f18334141aa24e77788114f7) Importer(815301076,1909f56bfc062723c751e8b465ee728b)  -> (artifact id: 'd4e4cb3cc22dcfeda413ca87a69cc5d5') in 0.291233 seconds 
========================================================================
Received Import Request.
  Time since last request: 0.610235 seconds.
  path: Assets/VFX/EnvTest.vfx
  artifactKey: Guid(22c577c7f18334141aa24e77788114f7) Importer(815301076,1909f56bfc062723c751e8b465ee728b)
Start importing Assets/VFX/EnvTest.vfx using Guid(22c577c7f18334141aa24e77788114f7) Importer(815301076,1909f56bfc062723c751e8b465ee728b)  -> (artifact id: 'ae1c471f4156e246a91ee5409c455d5a') in 0.024751 seconds 
