Using pre-set license
Built from '2021.2/release' branch; Version is '2021.2.0f1 (4bf1ec4b23c9) revision 4977132'; Using compiler version '192829333'; Build Type 'Release'
OS: 'Windows 10 Pro; OS build 19042.1237; Version 2009; 64bit' Language: 'en' Physical Memory: 16282 MB
BatchMode: 1, IsHumanControllingUs: 0, StartBugReporterOnCrash: 0, Is64bit: 1, IsPro: 0

COMMAND LINE ARGUMENTS:
C:\Program Files\Unity\Hub\Editor\2021.2.0f1\Editor\Unity.exe
-adb2
-batchMode
-noUpm
-name
AssetImportWorker1
-projectPath
C:/Users/Limingtong/Documents/Teamlab/ARVolumeVFX
-logFile
Logs/AssetImportWorker1.log
-srvPort
50593
Successfully changed project path to: C:/Users/Limingtong/Documents/Teamlab/ARVolumeVFX
C:/Users/Limingtong/Documents/Teamlab/ARVolumeVFX
[UnityMemory] Configuration Parameters - Can be set up in boot.config
    "memorysetup-bucket-allocator-granularity=16"
    "memorysetup-bucket-allocator-bucket-count=8"
    "memorysetup-bucket-allocator-block-size=33554432"
    "memorysetup-bucket-allocator-block-count=8"
    "memorysetup-main-allocator-block-size=16777216"
    "memorysetup-thread-allocator-block-size=16777216"
    "memorysetup-gfx-main-allocator-block-size=16777216"
    "memorysetup-gfx-thread-allocator-block-size=16777216"
    "memorysetup-cache-allocator-block-size=4194304"
    "memorysetup-typetree-allocator-block-size=2097152"
    "memorysetup-profiler-bucket-allocator-granularity=16"
    "memorysetup-profiler-bucket-allocator-bucket-count=8"
    "memorysetup-profiler-bucket-allocator-block-size=33554432"
    "memorysetup-profiler-bucket-allocator-block-count=8"
    "memorysetup-profiler-allocator-block-size=16777216"
    "memorysetup-profiler-editor-allocator-block-size=1048576"
    "memorysetup-temp-allocator-size-main=16777216"
    "memorysetup-job-temp-allocator-block-size=2097152"
    "memorysetup-job-temp-allocator-block-size-background=1048576"
    "memorysetup-job-temp-allocator-reduction-small-platforms=262144"
    "memorysetup-temp-allocator-size-background-worker=32768"
    "memorysetup-temp-allocator-size-job-worker=262144"
    "memorysetup-temp-allocator-size-preload-manager=33554432"
    "memorysetup-temp-allocator-size-nav-mesh-worker=65536"
    "memorysetup-temp-allocator-size-audio-worker=65536"
    "memorysetup-temp-allocator-size-cloud-worker=32768"
    "memorysetup-temp-allocator-size-gi-baking-worker=262144"
    "memorysetup-temp-allocator-size-gfx=262144"
Refreshing native plugins compatible for Editor in 154.75 ms, found 3 plugins.
Preloading 0 native plugins for Editor in 0.00 ms.
Initialize engine version: 2021.2.0f1 (4bf1ec4b23c9)
[Subsystems] Discovering subsystems at path C:/Program Files/Unity/Hub/Editor/2021.2.0f1/Editor/Data/Resources/UnitySubsystems
[Subsystems] Discovering subsystems at path C:/Users/Limingtong/Documents/Teamlab/ARVolumeVFX/Assets
GfxDevice: creating device client; threaded=0; jobified=0
Direct3D:
    Version:  Direct3D 11.0 [level 11.1]
    Renderer: NVIDIA GeForce RTX 2070 with Max-Q Design (ID=0x1f10)
    Vendor:   NVIDIA
    VRAM:     8031 MB
    Driver:   27.21.14.6172
Initialize mono
Mono path[0] = 'C:/Program Files/Unity/Hub/Editor/2021.2.0f1/Editor/Data/Managed'
Mono path[1] = 'C:/Program Files/Unity/Hub/Editor/2021.2.0f1/Editor/Data/MonoBleedingEdge/lib/mono/unityjit-win32'
Mono config path = 'C:/Program Files/Unity/Hub/Editor/2021.2.0f1/Editor/Data/MonoBleedingEdge/etc'
Using monoOptions --debugger-agent=transport=dt_socket,embedding=1,server=y,suspend=n,address=127.0.0.1:56356
Begin MonoManager ReloadAssembly
Registering precompiled unity dll's ...
Register platform support module: C:/Program Files/Unity/Hub/Editor/2021.2.0f1/Editor/Data/PlaybackEngines/WindowsStandaloneSupport/UnityEditor.WindowsStandalone.Extensions.dll
Registered in 0.010831 seconds.
Native extension for WindowsStandalone target not found
Refreshing native plugins compatible for Editor in 138.90 ms, found 3 plugins.
Preloading 0 native plugins for Editor in 0.00 ms.
Mono: successfully reloaded assembly
- Completed reload, in  3.023 seconds
Domain Reload Profiling:
	ReloadAssembly (3024ms)
		BeginReloadAssembly (99ms)
			ExecutionOrderSort (0ms)
			DisableScriptedObjects (0ms)
			BackupInstance (0ms)
			ReleaseScriptingObjects (0ms)
			CreateAndSetChildDomain (1ms)
		EndReloadAssembly (638ms)
			LoadAssemblies (95ms)
			RebuildTransferFunctionScriptingTraits (0ms)
			SetupTypeCache (133ms)
			ReleaseScriptCaches (0ms)
			RebuildScriptCaches (57ms)
			SetupLoadedEditorAssemblies (380ms)
				LogAssemblyErrors (0ms)
				InitializePlatformSupportModulesInManaged (9ms)
				SetLoadedEditorAssemblies (0ms)
				RefreshPlugins (139ms)
				BeforeProcessingInitializeOnLoad (2ms)
				ProcessInitializeOnLoadAttributes (166ms)
				ProcessInitializeOnLoadMethodAttributes (64ms)
				AfterProcessingInitializeOnLoad (0ms)
				EditorAssembliesLoaded (0ms)
			ExecutionOrderSort2 (0ms)
			AwakeInstancesAfterBackupRestoration (0ms)
Platform modules already initialized, skipping
Registering precompiled user dll's ...
Registered in 0.014441 seconds.
Begin MonoManager ReloadAssembly
Symbol file LoadedFromMemory doesn't match image C:\Users\Limingtong\Documents\Teamlab\ARVolumeVFX\Library\PackageCache\com.unity.visualscripting@1.7.3\Editor\VisualScripting.Core\Dependencies\YamlDotNet\Unity.VisualScripting.YamlDotNet.dll
Symbol file LoadedFromMemory doesn't match image C:\Users\Limingtong\Documents\Teamlab\ARVolumeVFX\Library\PackageCache\com.unity.visualscripting@1.7.3\Editor\VisualScripting.Core\Dependencies\DotNetZip\Unity.VisualScripting.IonicZip.dll
Native extension for WindowsStandalone target not found
Refreshing native plugins compatible for Editor in 153.36 ms, found 3 plugins.
Preloading 0 native plugins for Editor in 0.00 ms.
Package Manager log level set to [2]
Mono: successfully reloaded assembly
- Completed reload, in  3.296 seconds
Domain Reload Profiling:
	ReloadAssembly (3297ms)
		BeginReloadAssembly (242ms)
			ExecutionOrderSort (0ms)
			DisableScriptedObjects (7ms)
			BackupInstance (0ms)
			ReleaseScriptingObjects (0ms)
			CreateAndSetChildDomain (24ms)
		EndReloadAssembly (2916ms)
			LoadAssemblies (138ms)
			RebuildTransferFunctionScriptingTraits (0ms)
			SetupTypeCache (388ms)
			ReleaseScriptCaches (1ms)
			RebuildScriptCaches (107ms)
			SetupLoadedEditorAssemblies (2136ms)
				LogAssemblyErrors (0ms)
				InitializePlatformSupportModulesInManaged (14ms)
				SetLoadedEditorAssemblies (0ms)
				RefreshPlugins (153ms)
				BeforeProcessingInitializeOnLoad (240ms)
				ProcessInitializeOnLoadAttributes (1537ms)
				ProcessInitializeOnLoadMethodAttributes (170ms)
				AfterProcessingInitializeOnLoad (21ms)
				EditorAssembliesLoaded (1ms)
			ExecutionOrderSort2 (0ms)
			AwakeInstancesAfterBackupRestoration (17ms)
Platform modules already initialized, skipping
========================================================================
Worker process is ready to serve import requests
Launched and connected shader compiler UnityShaderCompiler.exe after 0.21 seconds
Refreshing native plugins compatible for Editor in 1.86 ms, found 3 plugins.
Preloading 0 native plugins for Editor in 0.00 ms.
Unloading 5957 Unused Serialized files (Serialized files now loaded: 0)
Unloading 39 unused Assets / (1.6 MB). Loaded Objects now: 6410.
Memory consumption went from 232.0 MB to 230.4 MB.
Total: 7.282500 ms (FindLiveObjects: 0.568300 ms CreateObjectMapping: 0.609000 ms MarkObjects: 5.276500 ms  DeleteObjects: 0.826800 ms)

AssetImportParameters requested are different than current active one (requested -> active):
  custom:video-decoder-ogg-theora: a1e56fd34408186e4bbccfd4996cb3dc -> 
  custom:container-muxer-webm: aa71ff27fc2769a1b78a27578f13a17b -> 
  custom:container-demuxer-webm: 4f35f7cbe854078d1ac9338744f61a02 -> 
  custom:video-encoder-webm-vp8: eb34c28f22e8b96e1ab97ce403110664 -> 
  custom:audio-encoder-webm-vorbis: bf7c407c2cedff20999df2af8eb42d56 -> 
  custom:framework-win-MediaFoundation: 216162199b28c13a410421893ffa2e32 -> 
  custom:container-demuxer-ogg: 62fdf1f143b41e24485cea50d1cbac27 -> 
  custom:video-decoder-webm-vp8: 9c59270c3fd7afecdb556c50c9e8de78 -> 
  custom:audio-decoder-ogg-vorbis: bf7c407c2cedff20999df2af8eb42d56 -> 
========================================================================
Received Prepare
Registering precompiled user dll's ...
Registered in 0.014285 seconds.
Begin MonoManager ReloadAssembly
Symbol file LoadedFromMemory doesn't match image C:\Users\Limingtong\Documents\Teamlab\ARVolumeVFX\Library\PackageCache\com.unity.visualscripting@1.7.3\Editor\VisualScripting.Core\Dependencies\YamlDotNet\Unity.VisualScripting.YamlDotNet.dll
Symbol file LoadedFromMemory doesn't match image C:\Users\Limingtong\Documents\Teamlab\ARVolumeVFX\Library\PackageCache\com.unity.visualscripting@1.7.3\Editor\VisualScripting.Core\Dependencies\DotNetZip\Unity.VisualScripting.IonicZip.dll
Native extension for WindowsStandalone target not found
Refreshing native plugins compatible for Editor in 1.06 ms, found 3 plugins.
Preloading 0 native plugins for Editor in 0.00 ms.
Mono: successfully reloaded assembly
- Completed reload, in  1.931 seconds
Domain Reload Profiling:
	ReloadAssembly (1932ms)
		BeginReloadAssembly (178ms)
			ExecutionOrderSort (0ms)
			DisableScriptedObjects (7ms)
			BackupInstance (0ms)
			ReleaseScriptingObjects (0ms)
			CreateAndSetChildDomain (57ms)
		EndReloadAssembly (1607ms)
			LoadAssemblies (161ms)
			RebuildTransferFunctionScriptingTraits (0ms)
			SetupTypeCache (412ms)
			ReleaseScriptCaches (2ms)
			RebuildScriptCaches (86ms)
			SetupLoadedEditorAssemblies (760ms)
				LogAssemblyErrors (0ms)
				InitializePlatformSupportModulesInManaged (15ms)
				SetLoadedEditorAssemblies (1ms)
				RefreshPlugins (1ms)
				BeforeProcessingInitializeOnLoad (163ms)
				ProcessInitializeOnLoadAttributes (494ms)
				ProcessInitializeOnLoadMethodAttributes (74ms)
				AfterProcessingInitializeOnLoad (11ms)
				EditorAssembliesLoaded (0ms)
			ExecutionOrderSort2 (0ms)
			AwakeInstancesAfterBackupRestoration (17ms)
Platform modules already initialized, skipping
Switching build target platform(19) subTarget(0) extendedPlatform(0) -> platform(9) subTarget(2) extendedPlatform(0)
Refreshing native plugins compatible for Editor in 0.95 ms, found 3 plugins.
Preloading 0 native plugins for Editor in 0.00 ms.
Unloading 5813 Unused Serialized files (Serialized files now loaded: 0)
Unloading 35 unused Assets / (1.6 MB). Loaded Objects now: 6415.
Memory consumption went from 221.8 MB to 220.2 MB.
Total: 5.623700 ms (FindLiveObjects: 0.474700 ms CreateObjectMapping: 0.440800 ms MarkObjects: 4.294100 ms  DeleteObjects: 0.413200 ms)

AssetImportParameters requested are different than current active one (requested -> active):
  custom:video-decoder-ogg-theora: a1e56fd34408186e4bbccfd4996cb3dc -> 
  custom:container-muxer-webm: aa71ff27fc2769a1b78a27578f13a17b -> 
  custom:container-demuxer-webm: 4f35f7cbe854078d1ac9338744f61a02 -> 
  custom:video-encoder-webm-vp8: eb34c28f22e8b96e1ab97ce403110664 -> 
  custom:audio-encoder-webm-vorbis: bf7c407c2cedff20999df2af8eb42d56 -> 
  custom:framework-win-MediaFoundation: 216162199b28c13a410421893ffa2e32 -> 
  custom:container-demuxer-ogg: 62fdf1f143b41e24485cea50d1cbac27 -> 
  custom:video-decoder-webm-vp8: 9c59270c3fd7afecdb556c50c9e8de78 -> 
  custom:audio-decoder-ogg-vorbis: bf7c407c2cedff20999df2af8eb42d56 -> 
========================================================================
Received Import Request.
  Time since last request: 354094.138514 seconds.
  path: Assets/VFX/EnvTest.vfx
  artifactKey: Guid(22c577c7f18334141aa24e77788114f7) Importer(815301076,1909f56bfc062723c751e8b465ee728b)
Start importing Assets/VFX/EnvTest.vfx using Guid(22c577c7f18334141aa24e77788114f7) Importer(815301076,1909f56bfc062723c751e8b465ee728b)  -> (artifact id: 'dbb044deb937cda8f362939585021a97') in 0.305904 seconds 
========================================================================
Received Import Request.
  Time since last request: 3.536811 seconds.
  path: Assets/VFX/EnvTest.vfx
  artifactKey: Guid(22c577c7f18334141aa24e77788114f7) Importer(815301076,1909f56bfc062723c751e8b465ee728b)
Start importing Assets/VFX/EnvTest.vfx using Guid(22c577c7f18334141aa24e77788114f7) Importer(815301076,1909f56bfc062723c751e8b465ee728b)  -> (artifact id: '1de71d651e33defe3a76dad814494b6c') in 0.014374 seconds 
========================================================================
Received Prepare
Registering precompiled user dll's ...
Registered in 0.011511 seconds.
Begin MonoManager ReloadAssembly
Symbol file LoadedFromMemory doesn't match image C:\Users\Limingtong\Documents\Teamlab\ARVolumeVFX\Library\PackageCache\com.unity.visualscripting@1.7.3\Editor\VisualScripting.Core\Dependencies\YamlDotNet\Unity.VisualScripting.YamlDotNet.dll
Symbol file LoadedFromMemory doesn't match image C:\Users\Limingtong\Documents\Teamlab\ARVolumeVFX\Library\PackageCache\com.unity.visualscripting@1.7.3\Editor\VisualScripting.Core\Dependencies\DotNetZip\Unity.VisualScripting.IonicZip.dll
Native extension for WindowsStandalone target not found
Refreshing native plugins compatible for Editor in 1.19 ms, found 3 plugins.
Preloading 0 native plugins for Editor in 0.00 ms.
Mono: successfully reloaded assembly
- Completed reload, in  2.254 seconds
Domain Reload Profiling:
	ReloadAssembly (2255ms)
		BeginReloadAssembly (199ms)
			ExecutionOrderSort (0ms)
			DisableScriptedObjects (10ms)
			BackupInstance (0ms)
			ReleaseScriptingObjects (0ms)
			CreateAndSetChildDomain (59ms)
		EndReloadAssembly (1931ms)
			LoadAssemblies (119ms)
			RebuildTransferFunctionScriptingTraits (0ms)
			SetupTypeCache (386ms)
			ReleaseScriptCaches (3ms)
			RebuildScriptCaches (118ms)
			SetupLoadedEditorAssemblies (983ms)
				LogAssemblyErrors (0ms)
				InitializePlatformSupportModulesInManaged (18ms)
				SetLoadedEditorAssemblies (1ms)
				RefreshPlugins (1ms)
				BeforeProcessingInitializeOnLoad (181ms)
				ProcessInitializeOnLoadAttributes (664ms)
				ProcessInitializeOnLoadMethodAttributes (104ms)
				AfterProcessingInitializeOnLoad (13ms)
				EditorAssembliesLoaded (0ms)
			ExecutionOrderSort2 (0ms)
			AwakeInstancesAfterBackupRestoration (25ms)
Platform modules already initialized, skipping
Switching build target platform(19) subTarget(0) extendedPlatform(0) -> platform(9) subTarget(2) extendedPlatform(0)
Refreshing native plugins compatible for Editor in 1.01 ms, found 3 plugins.
Preloading 0 native plugins for Editor in 0.00 ms.
Unloading 5820 Unused Serialized files (Serialized files now loaded: 0)
Unloading 32 unused Assets / (1.2 MB). Loaded Objects now: 6514.
Memory consumption went from 231.4 MB to 230.1 MB.
Total: 5.922000 ms (FindLiveObjects: 0.513500 ms CreateObjectMapping: 0.461500 ms MarkObjects: 4.676400 ms  DeleteObjects: 0.269200 ms)

AssetImportParameters requested are different than current active one (requested -> active):
  custom:video-decoder-ogg-theora: a1e56fd34408186e4bbccfd4996cb3dc -> 
  custom:container-muxer-webm: aa71ff27fc2769a1b78a27578f13a17b -> 
  custom:container-demuxer-webm: 4f35f7cbe854078d1ac9338744f61a02 -> 
  custom:video-encoder-webm-vp8: eb34c28f22e8b96e1ab97ce403110664 -> 
  custom:audio-encoder-webm-vorbis: bf7c407c2cedff20999df2af8eb42d56 -> 
  custom:framework-win-MediaFoundation: 216162199b28c13a410421893ffa2e32 -> 
  custom:container-demuxer-ogg: 62fdf1f143b41e24485cea50d1cbac27 -> 
  custom:video-decoder-webm-vp8: 9c59270c3fd7afecdb556c50c9e8de78 -> 
  custom:audio-decoder-ogg-vorbis: bf7c407c2cedff20999df2af8eb42d56 -> 
========================================================================
Received Import Request.
  Time since last request: 52.592533 seconds.
  path: Assets/VFX/EnvTest.vfx
  artifactKey: Guid(22c577c7f18334141aa24e77788114f7) Importer(815301076,1909f56bfc062723c751e8b465ee728b)
Start importing Assets/VFX/EnvTest.vfx using Guid(22c577c7f18334141aa24e77788114f7) Importer(815301076,1909f56bfc062723c751e8b465ee728b)  -> (artifact id: '5ec8c1e18ca8e34fb0a0d40073376ace') in 0.233275 seconds 
========================================================================
Received Import Request.
  Time since last request: 5.318531 seconds.
  path: Assets/VFX/EnvTest.vfx
  artifactKey: Guid(22c577c7f18334141aa24e77788114f7) Importer(815301076,1909f56bfc062723c751e8b465ee728b)
Start importing Assets/VFX/EnvTest.vfx using Guid(22c577c7f18334141aa24e77788114f7) Importer(815301076,1909f56bfc062723c751e8b465ee728b)  -> (artifact id: 'cb8aca56d0b3416938e999227b69b848') in 0.013525 seconds 
========================================================================
Received Import Request.
  Time since last request: 27.121424 seconds.
  path: Assets/VFX/EnvTest.vfx
  artifactKey: Guid(22c577c7f18334141aa24e77788114f7) Importer(815301076,1909f56bfc062723c751e8b465ee728b)
Start importing Assets/VFX/EnvTest.vfx using Guid(22c577c7f18334141aa24e77788114f7) Importer(815301076,1909f56bfc062723c751e8b465ee728b)  -> (artifact id: 'b2ab7c4385a6322ea2a59d314f561e41') in 0.036925 seconds 
========================================================================
Received Import Request.
  Time since last request: 12.657620 seconds.
  path: Assets/VFX/SubGraph/LidarSampleRandom.vfxblock
  artifactKey: Guid(397a4fbeb9c314b7c933257bd3c37fac) Importer(815301076,1909f56bfc062723c751e8b465ee728b)
Start importing Assets/VFX/SubGraph/LidarSampleRandom.vfxblock using Guid(397a4fbeb9c314b7c933257bd3c37fac) Importer(815301076,1909f56bfc062723c751e8b465ee728b)  -> (artifact id: '728f53f87aef746beb1aeb23615361e9') in 0.004208 seconds 
========================================================================
Received Prepare
Registering precompiled user dll's ...
Registered in 0.011216 seconds.
Begin MonoManager ReloadAssembly
Symbol file LoadedFromMemory doesn't match image C:\Users\Limingtong\Documents\Teamlab\ARVolumeVFX\Library\PackageCache\com.unity.visualscripting@1.7.3\Editor\VisualScripting.Core\Dependencies\YamlDotNet\Unity.VisualScripting.YamlDotNet.dll
Symbol file LoadedFromMemory doesn't match image C:\Users\Limingtong\Documents\Teamlab\ARVolumeVFX\Library\PackageCache\com.unity.visualscripting@1.7.3\Editor\VisualScripting.Core\Dependencies\DotNetZip\Unity.VisualScripting.IonicZip.dll
Native extension for WindowsStandalone target not found
Refreshing native plugins compatible for Editor in 1.38 ms, found 3 plugins.
Preloading 0 native plugins for Editor in 0.00 ms.
Mono: successfully reloaded assembly
- Completed reload, in  1.679 seconds
Domain Reload Profiling:
	ReloadAssembly (1680ms)
		BeginReloadAssembly (161ms)
			ExecutionOrderSort (0ms)
			DisableScriptedObjects (8ms)
			BackupInstance (0ms)
			ReleaseScriptingObjects (0ms)
			CreateAndSetChildDomain (47ms)
		EndReloadAssembly (1413ms)
			LoadAssemblies (101ms)
			RebuildTransferFunctionScriptingTraits (0ms)
			SetupTypeCache (314ms)
			ReleaseScriptCaches (2ms)
			RebuildScriptCaches (73ms)
			SetupLoadedEditorAssemblies (703ms)
				LogAssemblyErrors (0ms)
				InitializePlatformSupportModulesInManaged (18ms)
				SetLoadedEditorAssemblies (1ms)
				RefreshPlugins (1ms)
				BeforeProcessingInitializeOnLoad (147ms)
				ProcessInitializeOnLoadAttributes (445ms)
				ProcessInitializeOnLoadMethodAttributes (79ms)
				AfterProcessingInitializeOnLoad (11ms)
				EditorAssembliesLoaded (0ms)
			ExecutionOrderSort2 (0ms)
			AwakeInstancesAfterBackupRestoration (20ms)
Platform modules already initialized, skipping
Switching build target platform(19) subTarget(0) extendedPlatform(0) -> platform(9) subTarget(2) extendedPlatform(0)
Refreshing native plugins compatible for Editor in 1.00 ms, found 3 plugins.
Preloading 0 native plugins for Editor in 0.00 ms.
Unloading 5810 Unused Serialized files (Serialized files now loaded: 0)
Unloading 32 unused Assets / (1.2 MB). Loaded Objects now: 6560.
Memory consumption went from 230.7 MB to 229.5 MB.
Total: 4.825800 ms (FindLiveObjects: 0.460100 ms CreateObjectMapping: 0.479900 ms MarkObjects: 3.653300 ms  DeleteObjects: 0.231300 ms)

AssetImportParameters requested are different than current active one (requested -> active):
  custom:video-decoder-ogg-theora: a1e56fd34408186e4bbccfd4996cb3dc -> 
  custom:container-muxer-webm: aa71ff27fc2769a1b78a27578f13a17b -> 
  custom:container-demuxer-webm: 4f35f7cbe854078d1ac9338744f61a02 -> 
  custom:video-encoder-webm-vp8: eb34c28f22e8b96e1ab97ce403110664 -> 
  custom:audio-encoder-webm-vorbis: bf7c407c2cedff20999df2af8eb42d56 -> 
  custom:framework-win-MediaFoundation: 216162199b28c13a410421893ffa2e32 -> 
  custom:container-demuxer-ogg: 62fdf1f143b41e24485cea50d1cbac27 -> 
  custom:video-decoder-webm-vp8: 9c59270c3fd7afecdb556c50c9e8de78 -> 
  custom:audio-decoder-ogg-vorbis: bf7c407c2cedff20999df2af8eb42d56 -> 
========================================================================
Received Prepare
Registering precompiled user dll's ...
Registered in 0.012431 seconds.
Begin MonoManager ReloadAssembly
Symbol file LoadedFromMemory doesn't match image C:\Users\Limingtong\Documents\Teamlab\ARVolumeVFX\Library\PackageCache\com.unity.visualscripting@1.7.3\Editor\VisualScripting.Core\Dependencies\YamlDotNet\Unity.VisualScripting.YamlDotNet.dll
Symbol file LoadedFromMemory doesn't match image C:\Users\Limingtong\Documents\Teamlab\ARVolumeVFX\Library\PackageCache\com.unity.visualscripting@1.7.3\Editor\VisualScripting.Core\Dependencies\DotNetZip\Unity.VisualScripting.IonicZip.dll
Native extension for WindowsStandalone target not found
Refreshing native plugins compatible for Editor in 1.21 ms, found 3 plugins.
Preloading 0 native plugins for Editor in 0.00 ms.
Mono: successfully reloaded assembly
- Completed reload, in  2.158 seconds
Domain Reload Profiling:
	ReloadAssembly (2159ms)
		BeginReloadAssembly (168ms)
			ExecutionOrderSort (0ms)
			DisableScriptedObjects (6ms)
			BackupInstance (0ms)
			ReleaseScriptingObjects (0ms)
			CreateAndSetChildDomain (50ms)
		EndReloadAssembly (1866ms)
			LoadAssemblies (129ms)
			RebuildTransferFunctionScriptingTraits (0ms)
			SetupTypeCache (357ms)
			ReleaseScriptCaches (2ms)
			RebuildScriptCaches (89ms)
			SetupLoadedEditorAssemblies (953ms)
				LogAssemblyErrors (0ms)
				InitializePlatformSupportModulesInManaged (18ms)
				SetLoadedEditorAssemblies (1ms)
				RefreshPlugins (1ms)
				BeforeProcessingInitializeOnLoad (199ms)
				ProcessInitializeOnLoadAttributes (577ms)
				ProcessInitializeOnLoadMethodAttributes (132ms)
				AfterProcessingInitializeOnLoad (24ms)
				EditorAssembliesLoaded (1ms)
			ExecutionOrderSort2 (0ms)
			AwakeInstancesAfterBackupRestoration (38ms)
Platform modules already initialized, skipping
Switching build target platform(19) subTarget(0) extendedPlatform(0) -> platform(9) subTarget(2) extendedPlatform(0)
Refreshing native plugins compatible for Editor in 1.02 ms, found 3 plugins.
Preloading 0 native plugins for Editor in 0.00 ms.
Unloading 5810 Unused Serialized files (Serialized files now loaded: 0)
Unloading 32 unused Assets / (1.2 MB). Loaded Objects now: 6565.
Memory consumption went from 230.7 MB to 229.4 MB.
Total: 5.990000 ms (FindLiveObjects: 0.511000 ms CreateObjectMapping: 0.484000 ms MarkObjects: 4.732500 ms  DeleteObjects: 0.261300 ms)

AssetImportParameters requested are different than current active one (requested -> active):
  custom:video-decoder-ogg-theora: a1e56fd34408186e4bbccfd4996cb3dc -> 
  custom:container-muxer-webm: aa71ff27fc2769a1b78a27578f13a17b -> 
  custom:container-demuxer-webm: 4f35f7cbe854078d1ac9338744f61a02 -> 
  custom:video-encoder-webm-vp8: eb34c28f22e8b96e1ab97ce403110664 -> 
  custom:audio-encoder-webm-vorbis: bf7c407c2cedff20999df2af8eb42d56 -> 
  custom:framework-win-MediaFoundation: 216162199b28c13a410421893ffa2e32 -> 
  custom:container-demuxer-ogg: 62fdf1f143b41e24485cea50d1cbac27 -> 
  custom:video-decoder-webm-vp8: 9c59270c3fd7afecdb556c50c9e8de78 -> 
  custom:audio-decoder-ogg-vorbis: bf7c407c2cedff20999df2af8eb42d56 -> 
========================================================================
Received Import Request.
  Time since last request: 62.626018 seconds.
  path: Assets/VFX/Debug.vfx
  artifactKey: Guid(f6361b44b4c8a41a2a4f94f989ea734d) Importer(815301076,1909f56bfc062723c751e8b465ee728b)
Start importing Assets/VFX/Debug.vfx using Guid(f6361b44b4c8a41a2a4f94f989ea734d) Importer(815301076,1909f56bfc062723c751e8b465ee728b)  -> (artifact id: '1f3058836f1bd53e9a65d81d20b44c13') in 0.212094 seconds 
========================================================================
Received Import Request.
  Time since last request: 0.000091 seconds.
  path: Assets/VFX/EnvTest.vfx
  artifactKey: Guid(22c577c7f18334141aa24e77788114f7) Importer(815301076,1909f56bfc062723c751e8b465ee728b)
Start importing Assets/VFX/EnvTest.vfx using Guid(22c577c7f18334141aa24e77788114f7) Importer(815301076,1909f56bfc062723c751e8b465ee728b)  -> (artifact id: 'e89c4a54f2166e4bb67c56acc792fa31') in 0.018675 seconds 
========================================================================
Received Prepare
Registering precompiled user dll's ...
Registered in 0.008865 seconds.
Begin MonoManager ReloadAssembly
Symbol file LoadedFromMemory doesn't match image C:\Users\Limingtong\Documents\Teamlab\ARVolumeVFX\Library\PackageCache\com.unity.visualscripting@1.7.3\Editor\VisualScripting.Core\Dependencies\YamlDotNet\Unity.VisualScripting.YamlDotNet.dll
Symbol file LoadedFromMemory doesn't match image C:\Users\Limingtong\Documents\Teamlab\ARVolumeVFX\Library\PackageCache\com.unity.visualscripting@1.7.3\Editor\VisualScripting.Core\Dependencies\DotNetZip\Unity.VisualScripting.IonicZip.dll
Native extension for WindowsStandalone target not found
Refreshing native plugins compatible for Editor in 1.09 ms, found 3 plugins.
Preloading 0 native plugins for Editor in 0.00 ms.
Mono: successfully reloaded assembly
- Completed reload, in  2.002 seconds
Domain Reload Profiling:
	ReloadAssembly (2003ms)
		BeginReloadAssembly (188ms)
			ExecutionOrderSort (0ms)
			DisableScriptedObjects (10ms)
			BackupInstance (0ms)
			ReleaseScriptingObjects (0ms)
			CreateAndSetChildDomain (59ms)
		EndReloadAssembly (1691ms)
			LoadAssemblies (121ms)
			RebuildTransferFunctionScriptingTraits (0ms)
			SetupTypeCache (364ms)
			ReleaseScriptCaches (2ms)
			RebuildScriptCaches (92ms)
			SetupLoadedEditorAssemblies (828ms)
				LogAssemblyErrors (0ms)
				InitializePlatformSupportModulesInManaged (16ms)
				SetLoadedEditorAssemblies (1ms)
				RefreshPlugins (1ms)
				BeforeProcessingInitializeOnLoad (154ms)
				ProcessInitializeOnLoadAttributes (554ms)
				ProcessInitializeOnLoadMethodAttributes (88ms)
				AfterProcessingInitializeOnLoad (15ms)
				EditorAssembliesLoaded (0ms)
			ExecutionOrderSort2 (0ms)
			AwakeInstancesAfterBackupRestoration (28ms)
Platform modules already initialized, skipping
Switching build target platform(19) subTarget(0) extendedPlatform(0) -> platform(9) subTarget(2) extendedPlatform(0)
Refreshing native plugins compatible for Editor in 1.03 ms, found 3 plugins.
Preloading 0 native plugins for Editor in 0.00 ms.
Unloading 5811 Unused Serialized files (Serialized files now loaded: 0)
Unloading 32 unused Assets / (1.2 MB). Loaded Objects now: 6612.
Memory consumption went from 231.1 MB to 229.9 MB.
Total: 5.671800 ms (FindLiveObjects: 0.528000 ms CreateObjectMapping: 0.499500 ms MarkObjects: 4.392600 ms  DeleteObjects: 0.250300 ms)

AssetImportParameters requested are different than current active one (requested -> active):
  custom:video-decoder-ogg-theora: a1e56fd34408186e4bbccfd4996cb3dc -> 
  custom:container-muxer-webm: aa71ff27fc2769a1b78a27578f13a17b -> 
  custom:container-demuxer-webm: 4f35f7cbe854078d1ac9338744f61a02 -> 
  custom:video-encoder-webm-vp8: eb34c28f22e8b96e1ab97ce403110664 -> 
  custom:audio-encoder-webm-vorbis: bf7c407c2cedff20999df2af8eb42d56 -> 
  custom:framework-win-MediaFoundation: 216162199b28c13a410421893ffa2e32 -> 
  custom:container-demuxer-ogg: 62fdf1f143b41e24485cea50d1cbac27 -> 
  custom:video-decoder-webm-vp8: 9c59270c3fd7afecdb556c50c9e8de78 -> 
  custom:audio-decoder-ogg-vorbis: bf7c407c2cedff20999df2af8eb42d56 -> 
========================================================================
Received Prepare
Registering precompiled user dll's ...
Registered in 0.014998 seconds.
Begin MonoManager ReloadAssembly
Symbol file LoadedFromMemory doesn't match image C:\Users\Limingtong\Documents\Teamlab\ARVolumeVFX\Library\PackageCache\com.unity.visualscripting@1.7.3\Editor\VisualScripting.Core\Dependencies\YamlDotNet\Unity.VisualScripting.YamlDotNet.dll
Symbol file LoadedFromMemory doesn't match image C:\Users\Limingtong\Documents\Teamlab\ARVolumeVFX\Library\PackageCache\com.unity.visualscripting@1.7.3\Editor\VisualScripting.Core\Dependencies\DotNetZip\Unity.VisualScripting.IonicZip.dll
Native extension for WindowsStandalone target not found
Refreshing native plugins compatible for Editor in 1.18 ms, found 3 plugins.
Preloading 0 native plugins for Editor in 0.00 ms.
Mono: successfully reloaded assembly
- Completed reload, in  2.252 seconds
Domain Reload Profiling:
	ReloadAssembly (2253ms)
		BeginReloadAssembly (175ms)
			ExecutionOrderSort (0ms)
			DisableScriptedObjects (7ms)
			BackupInstance (0ms)
			ReleaseScriptingObjects (0ms)
			CreateAndSetChildDomain (51ms)
		EndReloadAssembly (1958ms)
			LoadAssemblies (118ms)
			RebuildTransferFunctionScriptingTraits (0ms)
			SetupTypeCache (355ms)
			ReleaseScriptCaches (4ms)
			RebuildScriptCaches (119ms)
			SetupLoadedEditorAssemblies (985ms)
				LogAssemblyErrors (0ms)
				InitializePlatformSupportModulesInManaged (18ms)
				SetLoadedEditorAssemblies (1ms)
				RefreshPlugins (1ms)
				BeforeProcessingInitializeOnLoad (175ms)
				ProcessInitializeOnLoadAttributes (643ms)
				ProcessInitializeOnLoadMethodAttributes (124ms)
				AfterProcessingInitializeOnLoad (22ms)
				EditorAssembliesLoaded (1ms)
			ExecutionOrderSort2 (0ms)
			AwakeInstancesAfterBackupRestoration (34ms)
Platform modules already initialized, skipping
Switching build target platform(19) subTarget(0) extendedPlatform(0) -> platform(9) subTarget(2) extendedPlatform(0)
Refreshing native plugins compatible for Editor in 1.04 ms, found 3 plugins.
Preloading 0 native plugins for Editor in 0.00 ms.
Unloading 5810 Unused Serialized files (Serialized files now loaded: 0)
Unloading 32 unused Assets / (1.2 MB). Loaded Objects now: 6617.
Memory consumption went from 230.9 MB to 229.7 MB.
Total: 5.450400 ms (FindLiveObjects: 0.568700 ms CreateObjectMapping: 0.539800 ms MarkObjects: 4.070500 ms  DeleteObjects: 0.269600 ms)

AssetImportParameters requested are different than current active one (requested -> active):
  custom:video-decoder-ogg-theora: a1e56fd34408186e4bbccfd4996cb3dc -> 
  custom:container-muxer-webm: aa71ff27fc2769a1b78a27578f13a17b -> 
  custom:container-demuxer-webm: 4f35f7cbe854078d1ac9338744f61a02 -> 
  custom:video-encoder-webm-vp8: eb34c28f22e8b96e1ab97ce403110664 -> 
  custom:audio-encoder-webm-vorbis: bf7c407c2cedff20999df2af8eb42d56 -> 
  custom:framework-win-MediaFoundation: 216162199b28c13a410421893ffa2e32 -> 
  custom:container-demuxer-ogg: 62fdf1f143b41e24485cea50d1cbac27 -> 
  custom:video-decoder-webm-vp8: 9c59270c3fd7afecdb556c50c9e8de78 -> 
  custom:audio-decoder-ogg-vorbis: bf7c407c2cedff20999df2af8eb42d56 -> 
========================================================================
Received Import Request.
  Time since last request: 63.760432 seconds.
  path: Assets/VFX/SubGraph/LidarSampleRandom.vfxblock
  artifactKey: Guid(397a4fbeb9c314b7c933257bd3c37fac) Importer(815301076,1909f56bfc062723c751e8b465ee728b)
Start importing Assets/VFX/SubGraph/LidarSampleRandom.vfxblock using Guid(397a4fbeb9c314b7c933257bd3c37fac) Importer(815301076,1909f56bfc062723c751e8b465ee728b)  -> (artifact id: 'd06b30d1ff49c500fccec0dbc789d963') in 0.014174 seconds 
========================================================================
Received Import Request.
  Time since last request: 35.754688 seconds.
  path: Assets/VFX/SubGraph/DepthToWorld.vfxoperator
  artifactKey: Guid(50cfedf92d663455c99a2b3e6a5fffe4) Importer(815301076,1909f56bfc062723c751e8b465ee728b)
Start importing Assets/VFX/SubGraph/DepthToWorld.vfxoperator using Guid(50cfedf92d663455c99a2b3e6a5fffe4) Importer(815301076,1909f56bfc062723c751e8b465ee728b)  -> (artifact id: '9ce595c40cceb08028877eef4d3b01a9') in 0.004319 seconds 
========================================================================
Received Import Request.
  Time since last request: 21.473090 seconds.
  path: Assets/VFX/EnvTest.vfx
  artifactKey: Guid(22c577c7f18334141aa24e77788114f7) Importer(815301076,1909f56bfc062723c751e8b465ee728b)
Start importing Assets/VFX/EnvTest.vfx using Guid(22c577c7f18334141aa24e77788114f7) Importer(815301076,1909f56bfc062723c751e8b465ee728b)  -> (artifact id: '3c420fd2a350f3c9ba3280153ed373df') in 0.202730 seconds 
========================================================================
Received Import Request.
  Time since last request: 14.513987 seconds.
  path: Assets/VFX/Debug.vfx
  artifactKey: Guid(f6361b44b4c8a41a2a4f94f989ea734d) Importer(815301076,1909f56bfc062723c751e8b465ee728b)
Start importing Assets/VFX/Debug.vfx using Guid(f6361b44b4c8a41a2a4f94f989ea734d) Importer(815301076,1909f56bfc062723c751e8b465ee728b)  -> (artifact id: '6622117e4f6a6b9d3cb49fb3806455f6') in 0.022000 seconds 
========================================================================
Received Import Request.
  Time since last request: 0.000035 seconds.
  path: Assets/VFX/EnvTest.vfx
  artifactKey: Guid(22c577c7f18334141aa24e77788114f7) Importer(815301076,1909f56bfc062723c751e8b465ee728b)
Start importing Assets/VFX/EnvTest.vfx using Guid(22c577c7f18334141aa24e77788114f7) Importer(815301076,1909f56bfc062723c751e8b465ee728b)  -> (artifact id: '1642427cae3be9d7c8f9bfbd35bca9a7') in 0.013183 seconds 
========================================================================
Received Prepare
Registering precompiled user dll's ...
Registered in 0.011560 seconds.
Begin MonoManager ReloadAssembly
Symbol file LoadedFromMemory doesn't match image C:\Users\Limingtong\Documents\Teamlab\ARVolumeVFX\Library\PackageCache\com.unity.visualscripting@1.7.3\Editor\VisualScripting.Core\Dependencies\YamlDotNet\Unity.VisualScripting.YamlDotNet.dll
Symbol file LoadedFromMemory doesn't match image C:\Users\Limingtong\Documents\Teamlab\ARVolumeVFX\Library\PackageCache\com.unity.visualscripting@1.7.3\Editor\VisualScripting.Core\Dependencies\DotNetZip\Unity.VisualScripting.IonicZip.dll
Native extension for WindowsStandalone target not found
Refreshing native plugins compatible for Editor in 1.71 ms, found 3 plugins.
Preloading 0 native plugins for Editor in 0.00 ms.
Mono: successfully reloaded assembly
- Completed reload, in  2.171 seconds
Domain Reload Profiling:
	ReloadAssembly (2172ms)
		BeginReloadAssembly (175ms)
			ExecutionOrderSort (0ms)
			DisableScriptedObjects (10ms)
			BackupInstance (0ms)
			ReleaseScriptingObjects (0ms)
			CreateAndSetChildDomain (53ms)
		EndReloadAssembly (1869ms)
			LoadAssemblies (132ms)
			RebuildTransferFunctionScriptingTraits (0ms)
			SetupTypeCache (433ms)
			ReleaseScriptCaches (2ms)
			RebuildScriptCaches (104ms)
			SetupLoadedEditorAssemblies (859ms)
				LogAssemblyErrors (0ms)
				InitializePlatformSupportModulesInManaged (17ms)
				SetLoadedEditorAssemblies (1ms)
				RefreshPlugins (2ms)
				BeforeProcessingInitializeOnLoad (169ms)
				ProcessInitializeOnLoadAttributes (561ms)
				ProcessInitializeOnLoadMethodAttributes (95ms)
				AfterProcessingInitializeOnLoad (13ms)
				EditorAssembliesLoaded (1ms)
			ExecutionOrderSort2 (0ms)
			AwakeInstancesAfterBackupRestoration (28ms)
Platform modules already initialized, skipping
Switching build target platform(19) subTarget(0) extendedPlatform(0) -> platform(9) subTarget(2) extendedPlatform(0)
Refreshing native plugins compatible for Editor in 1.07 ms, found 3 plugins.
Preloading 0 native plugins for Editor in 0.00 ms.
Unloading 5810 Unused Serialized files (Serialized files now loaded: 0)
Unloading 32 unused Assets / (1.2 MB). Loaded Objects now: 6663.
Memory consumption went from 230.9 MB to 229.7 MB.
Total: 5.860500 ms (FindLiveObjects: 0.558700 ms CreateObjectMapping: 0.521900 ms MarkObjects: 4.524300 ms  DeleteObjects: 0.254400 ms)

AssetImportParameters requested are different than current active one (requested -> active):
  custom:video-decoder-ogg-theora: a1e56fd34408186e4bbccfd4996cb3dc -> 
  custom:container-muxer-webm: aa71ff27fc2769a1b78a27578f13a17b -> 
  custom:container-demuxer-webm: 4f35f7cbe854078d1ac9338744f61a02 -> 
  custom:video-encoder-webm-vp8: eb34c28f22e8b96e1ab97ce403110664 -> 
  custom:audio-encoder-webm-vorbis: bf7c407c2cedff20999df2af8eb42d56 -> 
  custom:framework-win-MediaFoundation: 216162199b28c13a410421893ffa2e32 -> 
  custom:container-demuxer-ogg: 62fdf1f143b41e24485cea50d1cbac27 -> 
  custom:video-decoder-webm-vp8: 9c59270c3fd7afecdb556c50c9e8de78 -> 
  custom:audio-decoder-ogg-vorbis: bf7c407c2cedff20999df2af8eb42d56 -> 
========================================================================
Received Import Request.
  Time since last request: 113.268262 seconds.
  path: Assets/VFX/EnvTest.vfx
  artifactKey: Guid(22c577c7f18334141aa24e77788114f7) Importer(815301076,1909f56bfc062723c751e8b465ee728b)
Start importing Assets/VFX/EnvTest.vfx using Guid(22c577c7f18334141aa24e77788114f7) Importer(815301076,1909f56bfc062723c751e8b465ee728b)  -> (artifact id: '3ab9ad4745a05e27bb2952ff28eb1aa5') in 0.207631 seconds 
========================================================================
Received Import Request.
  Time since last request: 4.819546 seconds.
  path: Assets/VFX/EnvTest.vfx
  artifactKey: Guid(22c577c7f18334141aa24e77788114f7) Importer(815301076,1909f56bfc062723c751e8b465ee728b)
Start importing Assets/VFX/EnvTest.vfx using Guid(22c577c7f18334141aa24e77788114f7) Importer(815301076,1909f56bfc062723c751e8b465ee728b)  -> (artifact id: '7c7344d69652d8bf64994ea770501a6f') in 0.011431 seconds 
========================================================================
Received Import Request.
  Time since last request: 19.732874 seconds.
  path: Assets/VFX/EnvTest.vfx
  artifactKey: Guid(22c577c7f18334141aa24e77788114f7) Importer(815301076,1909f56bfc062723c751e8b465ee728b)
Start importing Assets/VFX/EnvTest.vfx using Guid(22c577c7f18334141aa24e77788114f7) Importer(815301076,1909f56bfc062723c751e8b465ee728b)  -> (artifact id: 'be172785a68440564c80fc26d8eacd85') in 0.039380 seconds 
========================================================================
Received Import Request.
  Time since last request: 9.817592 seconds.
  path: Assets/VFX/EnvTest.vfx
  artifactKey: Guid(22c577c7f18334141aa24e77788114f7) Importer(815301076,1909f56bfc062723c751e8b465ee728b)
Start importing Assets/VFX/EnvTest.vfx using Guid(22c577c7f18334141aa24e77788114f7) Importer(815301076,1909f56bfc062723c751e8b465ee728b)  -> (artifact id: '700e33ebc63219c2f6a2aeb6520fb59c') in 0.029053 seconds 
========================================================================
Received Import Request.
  Time since last request: 4.702409 seconds.
  path: Assets/VFX/EnvTest.vfx
  artifactKey: Guid(22c577c7f18334141aa24e77788114f7) Importer(815301076,1909f56bfc062723c751e8b465ee728b)
Start importing Assets/VFX/EnvTest.vfx using Guid(22c577c7f18334141aa24e77788114f7) Importer(815301076,1909f56bfc062723c751e8b465ee728b)  -> (artifact id: '54fabca1d168c05befed4a68e85bd0fa') in 0.031951 seconds 
========================================================================
Received Import Request.
  Time since last request: 3.348020 seconds.
  path: Assets/VFX/EnvTest.vfx
  artifactKey: Guid(22c577c7f18334141aa24e77788114f7) Importer(815301076,1909f56bfc062723c751e8b465ee728b)
Start importing Assets/VFX/EnvTest.vfx using Guid(22c577c7f18334141aa24e77788114f7) Importer(815301076,1909f56bfc062723c751e8b465ee728b)  -> (artifact id: 'c486a6dd12ea1bdfc4ff1477e8506249') in 0.038301 seconds 
========================================================================
Received Import Request.
  Time since last request: 5.110265 seconds.
  path: Assets/VFX/EnvTest.vfx
  artifactKey: Guid(22c577c7f18334141aa24e77788114f7) Importer(815301076,1909f56bfc062723c751e8b465ee728b)
Start importing Assets/VFX/EnvTest.vfx using Guid(22c577c7f18334141aa24e77788114f7) Importer(815301076,1909f56bfc062723c751e8b465ee728b)  -> (artifact id: 'd6263c929ab16d08d4978ec57da38252') in 0.039022 seconds 
========================================================================
Received Import Request.
  Time since last request: 15.408034 seconds.
  path: Assets/VFX/EnvTest.vfx
  artifactKey: Guid(22c577c7f18334141aa24e77788114f7) Importer(815301076,1909f56bfc062723c751e8b465ee728b)
Start importing Assets/VFX/EnvTest.vfx using Guid(22c577c7f18334141aa24e77788114f7) Importer(815301076,1909f56bfc062723c751e8b465ee728b)  -> (artifact id: '1313f4ea328e06accefa947f8e840753') in 0.020985 seconds 
========================================================================
Received Import Request.
  Time since last request: 31.929776 seconds.
  path: Assets/VFX/EnvTest.vfx
  artifactKey: Guid(22c577c7f18334141aa24e77788114f7) Importer(815301076,1909f56bfc062723c751e8b465ee728b)
Start importing Assets/VFX/EnvTest.vfx using Guid(22c577c7f18334141aa24e77788114f7) Importer(815301076,1909f56bfc062723c751e8b465ee728b)  -> (artifact id: 'a7e9e6b47ad91a89a237648d2136984a') in 0.028941 seconds 
========================================================================
Received Import Request.
  Time since last request: 4.801280 seconds.
  path: Assets/VFX/EnvTest.vfx
  artifactKey: Guid(22c577c7f18334141aa24e77788114f7) Importer(815301076,1909f56bfc062723c751e8b465ee728b)
Start importing Assets/VFX/EnvTest.vfx using Guid(22c577c7f18334141aa24e77788114f7) Importer(815301076,1909f56bfc062723c751e8b465ee728b)  -> (artifact id: '2db8ecc3d308cd10d3765978b54bb6e3') in 0.029299 seconds 
========================================================================
Received Import Request.
  Time since last request: 3.053571 seconds.
  path: Assets/VFX/EnvTest.vfx
  artifactKey: Guid(22c577c7f18334141aa24e77788114f7) Importer(815301076,1909f56bfc062723c751e8b465ee728b)
Start importing Assets/VFX/EnvTest.vfx using Guid(22c577c7f18334141aa24e77788114f7) Importer(815301076,1909f56bfc062723c751e8b465ee728b)  -> (artifact id: '0934b4a52361a0a5624fb63b8b5bfd5b') in 0.011631 seconds 
========================================================================
Received Import Request.
  Time since last request: 0.000026 seconds.
  path: Assets/VFX/Test.vfx
  artifactKey: Guid(08b1754990c0cb84f91c35e1fcc814c9) Importer(815301076,1909f56bfc062723c751e8b465ee728b)
Start importing Assets/VFX/Test.vfx using Guid(08b1754990c0cb84f91c35e1fcc814c9) Importer(815301076,1909f56bfc062723c751e8b465ee728b)  -> (artifact id: '3af5d96702a45c60cca0e904ed2c552c') in 0.010673 seconds 
========================================================================
Received Import Request.
  Time since last request: 31.253389 seconds.
  path: Assets/VFX/EnvTest.vfx
  artifactKey: Guid(22c577c7f18334141aa24e77788114f7) Importer(815301076,1909f56bfc062723c751e8b465ee728b)
Start importing Assets/VFX/EnvTest.vfx using Guid(22c577c7f18334141aa24e77788114f7) Importer(815301076,1909f56bfc062723c751e8b465ee728b)  -> (artifact id: 'dc50fd6c1dc7c0cde51b250bbd427460') in 0.002257 seconds 
========================================================================
Received Import Request.
  Time since last request: 5.318913 seconds.
  path: Assets/VFX/EnvTest.vfx
  artifactKey: Guid(22c577c7f18334141aa24e77788114f7) Importer(815301076,1909f56bfc062723c751e8b465ee728b)
Start importing Assets/VFX/EnvTest.vfx using Guid(22c577c7f18334141aa24e77788114f7) Importer(815301076,1909f56bfc062723c751e8b465ee728b)  -> (artifact id: 'ad5a44d935b41c0a76bfa695288ed3c9') in 0.011305 seconds 
========================================================================
Received Import Request.
  Time since last request: 5.250346 seconds.
  path: Assets/VFX/EnvTest.vfx
  artifactKey: Guid(22c577c7f18334141aa24e77788114f7) Importer(815301076,1909f56bfc062723c751e8b465ee728b)
Start importing Assets/VFX/EnvTest.vfx using Guid(22c577c7f18334141aa24e77788114f7) Importer(815301076,1909f56bfc062723c751e8b465ee728b)  -> (artifact id: 'a951ea62fbac6a532ae89650a3c30624') in 0.014909 seconds 
========================================================================
Received Import Request.
  Time since last request: 3.377740 seconds.
  path: Assets/VFX/EnvTest.vfx
  artifactKey: Guid(22c577c7f18334141aa24e77788114f7) Importer(815301076,1909f56bfc062723c751e8b465ee728b)
Start importing Assets/VFX/EnvTest.vfx using Guid(22c577c7f18334141aa24e77788114f7) Importer(815301076,1909f56bfc062723c751e8b465ee728b)  -> (artifact id: 'be73504aa1094591270ad9c8c7e84826') in 0.021881 seconds 
========================================================================
Received Import Request.
  Time since last request: 6.372317 seconds.
  path: Assets/VFX/EnvTest.vfx
  artifactKey: Guid(22c577c7f18334141aa24e77788114f7) Importer(815301076,1909f56bfc062723c751e8b465ee728b)
Start importing Assets/VFX/EnvTest.vfx using Guid(22c577c7f18334141aa24e77788114f7) Importer(815301076,1909f56bfc062723c751e8b465ee728b)  -> (artifact id: 'a3452475f0484f1027920826caba68fa') in 0.012957 seconds 
========================================================================
Received Import Request.
  Time since last request: 4.124109 seconds.
  path: Assets/VFX/EnvTest.vfx
  artifactKey: Guid(22c577c7f18334141aa24e77788114f7) Importer(815301076,1909f56bfc062723c751e8b465ee728b)
Start importing Assets/VFX/EnvTest.vfx using Guid(22c577c7f18334141aa24e77788114f7) Importer(815301076,1909f56bfc062723c751e8b465ee728b)  -> (artifact id: '3447b23a1e7cca7a2ab2474fbb7eb43f') in 0.011002 seconds 
========================================================================
Received Prepare
Registering precompiled user dll's ...
Registered in 0.010430 seconds.
Begin MonoManager ReloadAssembly
Symbol file LoadedFromMemory doesn't match image C:\Users\Limingtong\Documents\Teamlab\ARVolumeVFX\Library\PackageCache\com.unity.visualscripting@1.7.3\Editor\VisualScripting.Core\Dependencies\YamlDotNet\Unity.VisualScripting.YamlDotNet.dll
Symbol file LoadedFromMemory doesn't match image C:\Users\Limingtong\Documents\Teamlab\ARVolumeVFX\Library\PackageCache\com.unity.visualscripting@1.7.3\Editor\VisualScripting.Core\Dependencies\DotNetZip\Unity.VisualScripting.IonicZip.dll
Native extension for WindowsStandalone target not found
Refreshing native plugins compatible for Editor in 1.16 ms, found 3 plugins.
Preloading 0 native plugins for Editor in 0.00 ms.
Mono: successfully reloaded assembly
- Completed reload, in  2.187 seconds
Domain Reload Profiling:
	ReloadAssembly (2189ms)
		BeginReloadAssembly (171ms)
			ExecutionOrderSort (0ms)
			DisableScriptedObjects (10ms)
			BackupInstance (0ms)
			ReleaseScriptingObjects (0ms)
			CreateAndSetChildDomain (53ms)
		EndReloadAssembly (1881ms)
			LoadAssemblies (116ms)
			RebuildTransferFunctionScriptingTraits (0ms)
			SetupTypeCache (362ms)
			ReleaseScriptCaches (2ms)
			RebuildScriptCaches (101ms)
			SetupLoadedEditorAssemblies (889ms)
				LogAssemblyErrors (0ms)
				InitializePlatformSupportModulesInManaged (17ms)
				SetLoadedEditorAssemblies (3ms)
				RefreshPlugins (1ms)
				BeforeProcessingInitializeOnLoad (164ms)
				ProcessInitializeOnLoadAttributes (571ms)
				ProcessInitializeOnLoadMethodAttributes (117ms)
				AfterProcessingInitializeOnLoad (15ms)
				EditorAssembliesLoaded (1ms)
			ExecutionOrderSort2 (0ms)
			AwakeInstancesAfterBackupRestoration (33ms)
Platform modules already initialized, skipping
Switching build target platform(19) subTarget(0) extendedPlatform(0) -> platform(9) subTarget(2) extendedPlatform(0)
Refreshing native plugins compatible for Editor in 1.15 ms, found 3 plugins.
Preloading 0 native plugins for Editor in 0.00 ms.
Unloading 5811 Unused Serialized files (Serialized files now loaded: 0)
Unloading 32 unused Assets / (1.2 MB). Loaded Objects now: 6709.
Memory consumption went from 231.3 MB to 230.1 MB.
Total: 6.546200 ms (FindLiveObjects: 0.644700 ms CreateObjectMapping: 0.550300 ms MarkObjects: 5.045200 ms  DeleteObjects: 0.304200 ms)

AssetImportParameters requested are different than current active one (requested -> active):
  custom:video-decoder-ogg-theora: a1e56fd34408186e4bbccfd4996cb3dc -> 
  custom:container-muxer-webm: aa71ff27fc2769a1b78a27578f13a17b -> 
  custom:container-demuxer-webm: 4f35f7cbe854078d1ac9338744f61a02 -> 
  custom:video-encoder-webm-vp8: eb34c28f22e8b96e1ab97ce403110664 -> 
  custom:audio-encoder-webm-vorbis: bf7c407c2cedff20999df2af8eb42d56 -> 
  custom:framework-win-MediaFoundation: 216162199b28c13a410421893ffa2e32 -> 
  custom:container-demuxer-ogg: 62fdf1f143b41e24485cea50d1cbac27 -> 
  custom:video-decoder-webm-vp8: 9c59270c3fd7afecdb556c50c9e8de78 -> 
  custom:audio-decoder-ogg-vorbis: bf7c407c2cedff20999df2af8eb42d56 -> 
========================================================================
Received Prepare
Registering precompiled user dll's ...
Registered in 0.011591 seconds.
Begin MonoManager ReloadAssembly
Symbol file LoadedFromMemory doesn't match image C:\Users\Limingtong\Documents\Teamlab\ARVolumeVFX\Library\PackageCache\com.unity.visualscripting@1.7.3\Editor\VisualScripting.Core\Dependencies\YamlDotNet\Unity.VisualScripting.YamlDotNet.dll
Symbol file LoadedFromMemory doesn't match image C:\Users\Limingtong\Documents\Teamlab\ARVolumeVFX\Library\PackageCache\com.unity.visualscripting@1.7.3\Editor\VisualScripting.Core\Dependencies\DotNetZip\Unity.VisualScripting.IonicZip.dll
Native extension for WindowsStandalone target not found
Refreshing native plugins compatible for Editor in 3.24 ms, found 3 plugins.
Preloading 0 native plugins for Editor in 0.00 ms.
Mono: successfully reloaded assembly
- Completed reload, in  2.626 seconds
Domain Reload Profiling:
	ReloadAssembly (2628ms)
		BeginReloadAssembly (210ms)
			ExecutionOrderSort (0ms)
			DisableScriptedObjects (8ms)
			BackupInstance (0ms)
			ReleaseScriptingObjects (0ms)
			CreateAndSetChildDomain (61ms)
		EndReloadAssembly (2266ms)
			LoadAssemblies (134ms)
			RebuildTransferFunctionScriptingTraits (0ms)
			SetupTypeCache (479ms)
			ReleaseScriptCaches (3ms)
			RebuildScriptCaches (115ms)
			SetupLoadedEditorAssemblies (988ms)
				LogAssemblyErrors (0ms)
				InitializePlatformSupportModulesInManaged (32ms)
				SetLoadedEditorAssemblies (1ms)
				RefreshPlugins (4ms)
				BeforeProcessingInitializeOnLoad (268ms)
				ProcessInitializeOnLoadAttributes (573ms)
				ProcessInitializeOnLoadMethodAttributes (95ms)
				AfterProcessingInitializeOnLoad (14ms)
				EditorAssembliesLoaded (1ms)
			ExecutionOrderSort2 (0ms)
			AwakeInstancesAfterBackupRestoration (37ms)
Platform modules already initialized, skipping
Switching build target platform(19) subTarget(0) extendedPlatform(0) -> platform(9) subTarget(2) extendedPlatform(0)
Refreshing native plugins compatible for Editor in 1.05 ms, found 3 plugins.
Preloading 0 native plugins for Editor in 0.00 ms.
Unloading 5810 Unused Serialized files (Serialized files now loaded: 0)
Unloading 32 unused Assets / (1.2 MB). Loaded Objects now: 6714.
Memory consumption went from 231.1 MB to 229.9 MB.
Total: 5.167400 ms (FindLiveObjects: 0.514000 ms CreateObjectMapping: 0.463700 ms MarkObjects: 3.945300 ms  DeleteObjects: 0.243300 ms)

AssetImportParameters requested are different than current active one (requested -> active):
  custom:video-decoder-ogg-theora: a1e56fd34408186e4bbccfd4996cb3dc -> 
  custom:container-muxer-webm: aa71ff27fc2769a1b78a27578f13a17b -> 
  custom:container-demuxer-webm: 4f35f7cbe854078d1ac9338744f61a02 -> 
  custom:video-encoder-webm-vp8: eb34c28f22e8b96e1ab97ce403110664 -> 
  custom:audio-encoder-webm-vorbis: bf7c407c2cedff20999df2af8eb42d56 -> 
  custom:framework-win-MediaFoundation: 216162199b28c13a410421893ffa2e32 -> 
  custom:container-demuxer-ogg: 62fdf1f143b41e24485cea50d1cbac27 -> 
  custom:video-decoder-webm-vp8: 9c59270c3fd7afecdb556c50c9e8de78 -> 
  custom:audio-decoder-ogg-vorbis: bf7c407c2cedff20999df2af8eb42d56 -> 
========================================================================
Received Prepare
Registering precompiled user dll's ...
Registered in 0.011323 seconds.
Begin MonoManager ReloadAssembly
Symbol file LoadedFromMemory doesn't match image C:\Users\Limingtong\Documents\Teamlab\ARVolumeVFX\Library\PackageCache\com.unity.visualscripting@1.7.3\Editor\VisualScripting.Core\Dependencies\YamlDotNet\Unity.VisualScripting.YamlDotNet.dll
Symbol file LoadedFromMemory doesn't match image C:\Users\Limingtong\Documents\Teamlab\ARVolumeVFX\Library\PackageCache\com.unity.visualscripting@1.7.3\Editor\VisualScripting.Core\Dependencies\DotNetZip\Unity.VisualScripting.IonicZip.dll
Native extension for WindowsStandalone target not found
Refreshing native plugins compatible for Editor in 1.24 ms, found 3 plugins.
Preloading 0 native plugins for Editor in 0.00 ms.
Mono: successfully reloaded assembly
- Completed reload, in  2.385 seconds
Domain Reload Profiling:
	ReloadAssembly (2386ms)
		BeginReloadAssembly (171ms)
			ExecutionOrderSort (0ms)
			DisableScriptedObjects (7ms)
			BackupInstance (0ms)
			ReleaseScriptingObjects (0ms)
			CreateAndSetChildDomain (53ms)
		EndReloadAssembly (2081ms)
			LoadAssemblies (121ms)
			RebuildTransferFunctionScriptingTraits (0ms)
			SetupTypeCache (352ms)
			ReleaseScriptCaches (2ms)
			RebuildScriptCaches (106ms)
			SetupLoadedEditorAssemblies (1022ms)
				LogAssemblyErrors (0ms)
				InitializePlatformSupportModulesInManaged (23ms)
				SetLoadedEditorAssemblies (1ms)
				RefreshPlugins (1ms)
				BeforeProcessingInitializeOnLoad (221ms)
				ProcessInitializeOnLoadAttributes (615ms)
				ProcessInitializeOnLoadMethodAttributes (143ms)
				AfterProcessingInitializeOnLoad (17ms)
				EditorAssembliesLoaded (1ms)
			ExecutionOrderSort2 (0ms)
			AwakeInstancesAfterBackupRestoration (50ms)
Platform modules already initialized, skipping
Switching build target platform(19) subTarget(0) extendedPlatform(0) -> platform(9) subTarget(2) extendedPlatform(0)
Refreshing native plugins compatible for Editor in 1.09 ms, found 3 plugins.
Preloading 0 native plugins for Editor in 0.00 ms.
Unloading 5810 Unused Serialized files (Serialized files now loaded: 0)
Unloading 32 unused Assets / (1.2 MB). Loaded Objects now: 6719.
Memory consumption went from 231.1 MB to 229.9 MB.
Total: 5.747400 ms (FindLiveObjects: 0.649400 ms CreateObjectMapping: 0.544400 ms MarkObjects: 4.288600 ms  DeleteObjects: 0.263400 ms)

AssetImportParameters requested are different than current active one (requested -> active):
  custom:video-decoder-ogg-theora: a1e56fd34408186e4bbccfd4996cb3dc -> 
  custom:container-muxer-webm: aa71ff27fc2769a1b78a27578f13a17b -> 
  custom:container-demuxer-webm: 4f35f7cbe854078d1ac9338744f61a02 -> 
  custom:video-encoder-webm-vp8: eb34c28f22e8b96e1ab97ce403110664 -> 
  custom:audio-encoder-webm-vorbis: bf7c407c2cedff20999df2af8eb42d56 -> 
  custom:framework-win-MediaFoundation: 216162199b28c13a410421893ffa2e32 -> 
  custom:container-demuxer-ogg: 62fdf1f143b41e24485cea50d1cbac27 -> 
  custom:video-decoder-webm-vp8: 9c59270c3fd7afecdb556c50c9e8de78 -> 
  custom:audio-decoder-ogg-vorbis: bf7c407c2cedff20999df2af8eb42d56 -> 
========================================================================
Received Prepare
Registering precompiled user dll's ...
Registered in 0.010595 seconds.
Begin MonoManager ReloadAssembly
Symbol file LoadedFromMemory doesn't match image C:\Users\Limingtong\Documents\Teamlab\ARVolumeVFX\Library\PackageCache\com.unity.visualscripting@1.7.3\Editor\VisualScripting.Core\Dependencies\YamlDotNet\Unity.VisualScripting.YamlDotNet.dll
Symbol file LoadedFromMemory doesn't match image C:\Users\Limingtong\Documents\Teamlab\ARVolumeVFX\Library\PackageCache\com.unity.visualscripting@1.7.3\Editor\VisualScripting.Core\Dependencies\DotNetZip\Unity.VisualScripting.IonicZip.dll
Native extension for WindowsStandalone target not found
Refreshing native plugins compatible for Editor in 0.95 ms, found 3 plugins.
Preloading 0 native plugins for Editor in 0.00 ms.
Mono: successfully reloaded assembly
- Completed reload, in  1.970 seconds
Domain Reload Profiling:
	ReloadAssembly (1970ms)
		BeginReloadAssembly (165ms)
			ExecutionOrderSort (0ms)
			DisableScriptedObjects (5ms)
			BackupInstance (0ms)
			ReleaseScriptingObjects (0ms)
			CreateAndSetChildDomain (45ms)
		EndReloadAssembly (1694ms)
			LoadAssemblies (110ms)
			RebuildTransferFunctionScriptingTraits (0ms)
			SetupTypeCache (308ms)
			ReleaseScriptCaches (2ms)
			RebuildScriptCaches (89ms)
			SetupLoadedEditorAssemblies (821ms)
				LogAssemblyErrors (0ms)
				InitializePlatformSupportModulesInManaged (13ms)
				SetLoadedEditorAssemblies (0ms)
				RefreshPlugins (1ms)
				BeforeProcessingInitializeOnLoad (157ms)
				ProcessInitializeOnLoadAttributes (531ms)
				ProcessInitializeOnLoadMethodAttributes (105ms)
				AfterProcessingInitializeOnLoad (13ms)
				EditorAssembliesLoaded (1ms)
			ExecutionOrderSort2 (0ms)
			AwakeInstancesAfterBackupRestoration (35ms)
Platform modules already initialized, skipping
Switching build target platform(19) subTarget(0) extendedPlatform(0) -> platform(9) subTarget(2) extendedPlatform(0)
Refreshing native plugins compatible for Editor in 1.02 ms, found 3 plugins.
Preloading 0 native plugins for Editor in 0.00 ms.
Unloading 5810 Unused Serialized files (Serialized files now loaded: 0)
Unloading 32 unused Assets / (1.2 MB). Loaded Objects now: 6724.
Memory consumption went from 231.1 MB to 229.9 MB.
Total: 5.491000 ms (FindLiveObjects: 0.567600 ms CreateObjectMapping: 0.443400 ms MarkObjects: 4.167500 ms  DeleteObjects: 0.310800 ms)

AssetImportParameters requested are different than current active one (requested -> active):
  custom:video-decoder-ogg-theora: a1e56fd34408186e4bbccfd4996cb3dc -> 
  custom:container-muxer-webm: aa71ff27fc2769a1b78a27578f13a17b -> 
  custom:container-demuxer-webm: 4f35f7cbe854078d1ac9338744f61a02 -> 
  custom:video-encoder-webm-vp8: eb34c28f22e8b96e1ab97ce403110664 -> 
  custom:audio-encoder-webm-vorbis: bf7c407c2cedff20999df2af8eb42d56 -> 
  custom:framework-win-MediaFoundation: 216162199b28c13a410421893ffa2e32 -> 
  custom:container-demuxer-ogg: 62fdf1f143b41e24485cea50d1cbac27 -> 
  custom:video-decoder-webm-vp8: 9c59270c3fd7afecdb556c50c9e8de78 -> 
  custom:audio-decoder-ogg-vorbis: bf7c407c2cedff20999df2af8eb42d56 -> 
========================================================================
Received Import Request.
  Time since last request: 453.097585 seconds.
  path: Assets/VFX/EnvTest.vfx
  artifactKey: Guid(22c577c7f18334141aa24e77788114f7) Importer(815301076,1909f56bfc062723c751e8b465ee728b)
Start importing Assets/VFX/EnvTest.vfx using Guid(22c577c7f18334141aa24e77788114f7) Importer(815301076,1909f56bfc062723c751e8b465ee728b)  -> (artifact id: 'ba51fcd0c35c3832a2d7dd2576705766') in 0.260384 seconds 
========================================================================
Received Import Request.
  Time since last request: 25.351952 seconds.
  path: Assets/VFX/EnvTest.vfx
  artifactKey: Guid(22c577c7f18334141aa24e77788114f7) Importer(815301076,1909f56bfc062723c751e8b465ee728b)
Start importing Assets/VFX/EnvTest.vfx using Guid(22c577c7f18334141aa24e77788114f7) Importer(815301076,1909f56bfc062723c751e8b465ee728b)  -> (artifact id: 'a5362aac2019dcd0766c2bc9ba5d5cfd') in 0.020084 seconds 
